Log file opened on Mon Mar 12 13:23:25 2018
Host: HR-HX9QBW1-LT.campus.net.ucsf.edu  pid: 32874  rank ID: 0  number of ranks:  1
                      :-) GROMACS - gmx mdrun, 2016.4 (-:

                            GROMACS is written by:
     Emile Apol      Rossen Apostolov  Herman J.C. Berendsen    Par Bjelkmar   
 Aldert van Buuren   Rudi van Drunen     Anton Feenstra    Gerrit Groenhof  
 Christoph Junghans   Anca Hamuraru    Vincent Hindriksen Dimitrios Karkoulis
    Peter Kasson        Jiri Kraus      Carsten Kutzner      Per Larsson    
  Justin A. Lemkul   Magnus Lundborg   Pieter Meulenhoff    Erik Marklund   
   Teemu Murtola       Szilard Pall       Sander Pronk      Roland Schulz   
  Alexey Shvetsov     Michael Shirts     Alfons Sijbers     Peter Tieleman  
  Teemu Virolainen  Christian Wennberg    Maarten Wolf   
                           and the project leaders:
        Mark Abraham, Berk Hess, Erik Lindahl, and David van der Spoel

Copyright (c) 1991-2000, University of Groningen, The Netherlands.
Copyright (c) 2001-2017, The GROMACS development team at
Uppsala University, Stockholm University and
the Royal Institute of Technology, Sweden.
check out http://www.gromacs.org for more information.

GROMACS is free software; you can redistribute it and/or modify it
under the terms of the GNU Lesser General Public License
as published by the Free Software Foundation; either version 2.1
of the License, or (at your option) any later version.

GROMACS:      gmx mdrun, version 2016.4
Executable:   /usr/local/gromacs/bin/gmx
Data prefix:  /usr/local/gromacs
Working dir:  /Users/mmravic/pd1_miniDesign/0_Pd1_pdl1-MD
Command line:
  gmx mdrun -deffnm md_0_1 -v

GROMACS version:    2016.4
Precision:          single
Memory model:       64 bit
MPI library:        thread_mpi
OpenMP support:     disabled
GPU support:        disabled
SIMD instructions:  AVX2_256
FFT library:        fftw-3.3.5-sse2
RDTSCP usage:       enabled
TNG support:        enabled
Hwloc support:      disabled
Tracing support:    disabled
Built on:           Tue Nov 14 03:29:05 PST 2017
Built by:           mmravic@DEPT-1V2N3H2-LT.campus.net.ucsf.edu [CMAKE]
Build OS/arch:      Darwin 16.7.0 x86_64
Build CPU vendor:   Intel
Build CPU brand:    Intel(R) Core(TM) i7-7567U CPU @ 3.50GHz
Build CPU family:   6   Model: 142   Stepping: 9
Build CPU features: aes apic avx avx2 clfsh cmov cx8 cx16 f16c fma htt lahf mmx msr nonstop_tsc pcid pclmuldq pdcm pdpe1gb popcnt pse rdrnd rdtscp sse2 sse3 sse4.1 sse4.2 ssse3 tdt x2apic
C compiler:         /Applications/Xcode.app/Contents/Developer/Toolchains/XcodeDefault.xctoolchain/usr/bin/cc Clang 9.0.0.9000038
C compiler flags:    -march=core-avx2    -Wno-unknown-pragmas  -O3 -DNDEBUG  
C++ compiler:       /Applications/Xcode.app/Contents/Developer/Toolchains/XcodeDefault.xctoolchain/usr/bin/c++ Clang 9.0.0.9000038
C++ compiler flags:  -march=core-avx2    -std=c++0x  -Wno-unknown-pragmas  -O3 -DNDEBUG  


Running on 1 node with total 4 cores, 4 logical cores
Hardware detected:
  CPU info:
    Vendor: Intel
    Brand:  Intel(R) Core(TM) i7-7567U CPU @ 3.50GHz
    Family: 6   Model: 142   Stepping: 9
    Features: aes apic avx avx2 clfsh cmov cx8 cx16 f16c fma htt lahf mmx msr nonstop_tsc pcid pclmuldq pdcm pdpe1gb popcnt pse rdrnd rdtscp sse2 sse3 sse4.1 sse4.2 ssse3 tdt x2apic
    SIMD instructions most likely to fit this hardware: AVX2_256
    SIMD instructions selected at GROMACS compile time: AVX2_256

  Hardware topology: Only logical processor count


++++ PLEASE READ AND CITE THE FOLLOWING REFERENCE ++++
M. J. Abraham, T. Murtola, R. Schulz, S. Páll, J. C. Smith, B. Hess, E.
Lindahl
GROMACS: High performance molecular simulations through multi-level
parallelism from laptops to supercomputers
SoftwareX 1 (2015) pp. 19-25
-------- -------- --- Thank You --- -------- --------


++++ PLEASE READ AND CITE THE FOLLOWING REFERENCE ++++
S. Páll, M. J. Abraham, C. Kutzner, B. Hess, E. Lindahl
Tackling Exascale Software Challenges in Molecular Dynamics Simulations with
GROMACS
In S. Markidis & E. Laure (Eds.), Solving Software Challenges for Exascale 8759 (2015) pp. 3-27
-------- -------- --- Thank You --- -------- --------


++++ PLEASE READ AND CITE THE FOLLOWING REFERENCE ++++
S. Pronk, S. Páll, R. Schulz, P. Larsson, P. Bjelkmar, R. Apostolov, M. R.
Shirts, J. C. Smith, P. M. Kasson, D. van der Spoel, B. Hess, and E. Lindahl
GROMACS 4.5: a high-throughput and highly parallel open source molecular
simulation toolkit
Bioinformatics 29 (2013) pp. 845-54
-------- -------- --- Thank You --- -------- --------


++++ PLEASE READ AND CITE THE FOLLOWING REFERENCE ++++
B. Hess and C. Kutzner and D. van der Spoel and E. Lindahl
GROMACS 4: Algorithms for highly efficient, load-balanced, and scalable
molecular simulation
J. Chem. Theory Comput. 4 (2008) pp. 435-447
-------- -------- --- Thank You --- -------- --------


++++ PLEASE READ AND CITE THE FOLLOWING REFERENCE ++++
D. van der Spoel, E. Lindahl, B. Hess, G. Groenhof, A. E. Mark and H. J. C.
Berendsen
GROMACS: Fast, Flexible and Free
J. Comp. Chem. 26 (2005) pp. 1701-1719
-------- -------- --- Thank You --- -------- --------


++++ PLEASE READ AND CITE THE FOLLOWING REFERENCE ++++
E. Lindahl and B. Hess and D. van der Spoel
GROMACS 3.0: A package for molecular simulation and trajectory analysis
J. Mol. Mod. 7 (2001) pp. 306-317
-------- -------- --- Thank You --- -------- --------


++++ PLEASE READ AND CITE THE FOLLOWING REFERENCE ++++
H. J. C. Berendsen, D. van der Spoel and R. van Drunen
GROMACS: A message-passing parallel molecular dynamics implementation
Comp. Phys. Comm. 91 (1995) pp. 43-56
-------- -------- --- Thank You --- -------- --------

Changing nstlist from 10 to 20, rlist from 1.2 to 1.224

Input Parameters:
   integrator                     = md
   tinit                          = 0
   dt                             = 0.002
   nsteps                         = 500000
   init-step                      = 0
   simulation-part                = 1
   comm-mode                      = Linear
   nstcomm                        = 100
   bd-fric                        = 0
   ld-seed                        = 714867370
   emtol                          = 10
   emstep                         = 0.01
   niter                          = 20
   fcstep                         = 0
   nstcgsteep                     = 1000
   nbfgscorr                      = 10
   rtpi                           = 0.05
   nstxout                        = 10000
   nstvout                        = 10000
   nstfout                        = 0
   nstlog                         = 10000
   nstcalcenergy                  = 100
   nstenergy                      = 10000
   nstxout-compressed             = 10000
   compressed-x-precision         = 1000
   cutoff-scheme                  = Verlet
   nstlist                        = 20
   ns-type                        = Grid
   pbc                            = xyz
   periodic-molecules             = false
   verlet-buffer-tolerance        = 0.005
   rlist                          = 1.224
   coulombtype                    = PME
   coulomb-modifier               = Potential-shift
   rcoulomb-switch                = 0
   rcoulomb                       = 1.2
   epsilon-r                      = 1
   epsilon-rf                     = inf
   vdw-type                       = Cut-off
   vdw-modifier                   = Force-switch
   rvdw-switch                    = 1
   rvdw                           = 1.2
   DispCorr                       = No
   table-extension                = 1
   fourierspacing                 = 0.16
   fourier-nx                     = 56
   fourier-ny                     = 56
   fourier-nz                     = 56
   pme-order                      = 4
   ewald-rtol                     = 1e-05
   ewald-rtol-lj                  = 0.001
   lj-pme-comb-rule               = Geometric
   ewald-geometry                 = 0
   epsilon-surface                = 0
   implicit-solvent               = No
   gb-algorithm                   = Still
   nstgbradii                     = 1
   rgbradii                       = 1
   gb-epsilon-solvent             = 80
   gb-saltconc                    = 0
   gb-obc-alpha                   = 1
   gb-obc-beta                    = 0.8
   gb-obc-gamma                   = 4.85
   gb-dielectric-offset           = 0.009
   sa-algorithm                   = Ace-approximation
   sa-surface-tension             = 2.05016
   tcoupl                         = V-rescale
   nsttcouple                     = 10
   nh-chain-length                = 0
   print-nose-hoover-chain-variables = false
   pcoupl                         = Parrinello-Rahman
   pcoupltype                     = Isotropic
   nstpcouple                     = 10
   tau-p                          = 2
   compressibility (3x3):
      compressibility[    0]={ 4.50000e-05,  0.00000e+00,  0.00000e+00}
      compressibility[    1]={ 0.00000e+00,  4.50000e-05,  0.00000e+00}
      compressibility[    2]={ 0.00000e+00,  0.00000e+00,  4.50000e-05}
   ref-p (3x3):
      ref-p[    0]={ 1.00000e+00,  0.00000e+00,  0.00000e+00}
      ref-p[    1]={ 0.00000e+00,  1.00000e+00,  0.00000e+00}
      ref-p[    2]={ 0.00000e+00,  0.00000e+00,  1.00000e+00}
   refcoord-scaling               = No
   posres-com (3):
      posres-com[0]= 0.00000e+00
      posres-com[1]= 0.00000e+00
      posres-com[2]= 0.00000e+00
   posres-comB (3):
      posres-comB[0]= 0.00000e+00
      posres-comB[1]= 0.00000e+00
      posres-comB[2]= 0.00000e+00
   QMMM                           = false
   QMconstraints                  = 0
   QMMMscheme                     = 0
   MMChargeScaleFactor            = 1
qm-opts:
   ngQM                           = 0
   constraint-algorithm           = Lincs
   continuation                   = true
   Shake-SOR                      = false
   shake-tol                      = 0.0001
   lincs-order                    = 4
   lincs-iter                     = 1
   lincs-warnangle                = 30
   nwall                          = 0
   wall-type                      = 9-3
   wall-r-linpot                  = -1
   wall-atomtype[0]               = -1
   wall-atomtype[1]               = -1
   wall-density[0]                = 0
   wall-density[1]                = 0
   wall-ewald-zfac                = 3
   pull                           = false
   rotation                       = false
   interactiveMD                  = false
   disre                          = No
   disre-weighting                = Conservative
   disre-mixed                    = false
   dr-fc                          = 1000
   dr-tau                         = 0
   nstdisreout                    = 100
   orire-fc                       = 0
   orire-tau                      = 0
   nstorireout                    = 100
   free-energy                    = no
   cos-acceleration               = 0
   deform (3x3):
      deform[    0]={ 0.00000e+00,  0.00000e+00,  0.00000e+00}
      deform[    1]={ 0.00000e+00,  0.00000e+00,  0.00000e+00}
      deform[    2]={ 0.00000e+00,  0.00000e+00,  0.00000e+00}
   simulated-tempering            = false
   E-x:
      n = 0
   E-xt:
      n = 0
   E-y:
      n = 0
   E-yt:
      n = 0
   E-z:
      n = 0
   E-zt:
      n = 0
   swapcoords                     = no
   userint1                       = 0
   userint2                       = 0
   userint3                       = 0
   userint4                       = 0
   userreal1                      = 0
   userreal2                      = 0
   userreal3                      = 0
   userreal4                      = 0
grpopts:
   nrdf:     7329.84      133950
   ref-t:         300         300
   tau-t:         0.1         0.1
annealing:          No          No
annealing-npoints:           0           0
   acc:	           0           0           0
   nfreeze:           N           N           N
   energygrp-flags[  0]: 0


Initializing Domain Decomposition on 4 ranks
Dynamic load balancing: auto
Initial maximum inter charge-group distances:
    two-body bonded interactions: 0.449 nm, LJ-14, atoms 2179 3398
  multi-body bonded interactions: 0.485 nm, CMAP Dih., atoms 354 370
Minimum cell size due to bonded interactions: 0.533 nm
Maximum distance for 5 constraints, at 120 deg. angles, all-trans: 0.874 nm
Estimated maximum distance required for P-LINCS: 0.874 nm
This distance will limit the DD cell size, you can override this with -rcon
Using 0 separate PME ranks, as there are too few total
 ranks for efficient splitting
Scaling the initial minimum size with 1/0.8 (option -dds) = 1.25
Optimizing the DD grid for 4 cells with a minimum initial size of 1.092 nm
The maximum allowed number of cells is: X 8 Y 8 Z 8
Domain decomposition grid 4 x 1 x 1, separate PME ranks 0
PME domain decomposition: 4 x 1 x 1
Domain decomposition rank 0, coordinates 0 0 0

The initial number of communication pulses is: X 1
The initial domain decomposition cell size is: X 2.21 nm

The maximum allowed distance for charge groups involved in interactions is:
                 non-bonded interactions           1.224 nm
(the following are initial values, they could change due to box deformation)
            two-body bonded interactions  (-rdd)   1.224 nm
          multi-body bonded interactions  (-rdd)   1.224 nm
  atoms separated by up to 5 constraints  (-rcon)  2.212 nm

When dynamic load balancing gets turned on, these settings will change to:
The maximum number of communication pulses is: X 1
The minimum size for domain decomposition cells is 1.224 nm
The requested allowed shrink of DD cells (option -dds) is: 0.80
The allowed shrink of domain decomposition cells is: X 0.55
The maximum allowed distance for charge groups involved in interactions is:
                 non-bonded interactions           1.224 nm
            two-body bonded interactions  (-rdd)   1.224 nm
          multi-body bonded interactions  (-rdd)   1.224 nm
  atoms separated by up to 5 constraints  (-rcon)  1.224 nm

Using 4 MPI threads
Will do PME sum in reciprocal space for electrostatic interactions.

++++ PLEASE READ AND CITE THE FOLLOWING REFERENCE ++++
U. Essmann, L. Perera, M. L. Berkowitz, T. Darden, H. Lee and L. G. Pedersen 
A smooth particle mesh Ewald method
J. Chem. Phys. 103 (1995) pp. 8577-8592
-------- -------- --- Thank You --- -------- --------

Will do ordinary reciprocal space Ewald sum.
Using a Gaussian width (1/beta) of 0.384195 nm for Ewald
Cut-off's:   NS: 1.224   Coulomb: 1.2   LJ: 1.2
System total charge: 0.000
Generated table with 1112 data points for 1-4 COUL.
Tabscale = 500 points/nm
Generated table with 1112 data points for 1-4 LJ6.
Tabscale = 500 points/nm
Generated table with 1112 data points for 1-4 LJ12.
Tabscale = 500 points/nm
Potential shift: LJ r^-12: -2.648e-01 r^-6: -5.349e-01, Ewald -8.333e-06
Initialized non-bonded Ewald correction tables, spacing: 1.02e-03 size: 1176


Using SIMD 4x8 non-bonded kernels


Initializing Parallel LINear Constraint Solver

++++ PLEASE READ AND CITE THE FOLLOWING REFERENCE ++++
B. Hess
P-LINCS: A Parallel Linear Constraint Solver for molecular simulation
J. Chem. Theory Comput. 4 (2008) pp. 116-122
-------- -------- --- Thank You --- -------- --------

The number of constraints is 3719
There are inter charge-group constraints,
will communicate selected coordinates each lincs iteration

++++ PLEASE READ AND CITE THE FOLLOWING REFERENCE ++++
S. Miyamoto and P. A. Kollman
SETTLE: An Analytical Version of the SHAKE and RATTLE Algorithms for Rigid
Water Models
J. Comp. Chem. 13 (1992) pp. 952-962
-------- -------- --- Thank You --- -------- --------


Linking all bonded interactions to atoms

Intra-simulation communication will occur every 10 steps.
Center of mass motion removal mode is Linear
We have the following groups for center of mass motion removal:
  0:  rest

++++ PLEASE READ AND CITE THE FOLLOWING REFERENCE ++++
G. Bussi, D. Donadio and M. Parrinello
Canonical sampling through velocity rescaling
J. Chem. Phys. 126 (2007) pp. 014101
-------- -------- --- Thank You --- -------- --------

There are: 70616 Atoms
Atom distribution over 4 domains: av 17654 stddev 39 min 17596 max 17708

Started mdrun on rank 0 Mon Mar 12 13:23:25 2018
           Step           Time
              0        0.00000

   Energies (kJ/mol)
            U-B    Proper Dih.  Improper Dih.      CMAP Dih.          LJ-14
    8.15130e+03    9.87864e+03    5.35546e+02   -3.41273e+02    3.36028e+03
     Coulomb-14        LJ (SR)   Coulomb (SR)   Coul. recip.      Potential
    3.20846e+04    9.55411e+04   -1.12770e+06    3.22212e+03   -9.75268e+05
    Kinetic En.   Total Energy    Temperature Pressure (bar)   Constr. rmsd
    1.77354e+05   -7.97914e+05    3.01964e+02    1.03281e+02    2.97748e-05

DD  step 19 load imb.: force  2.3%


step 60 Turning on dynamic load balancing, because the performance loss due to load imbalance is 2.2 %.


step 7200 Turning off dynamic load balancing, because it is degrading performance.

Atom distribution over 4 domains: av 17654 stddev 111 min 17518 max 17810
Writing checkpoint, step 8620 at Mon Mar 12 13:38:26 2018


DD  step 9999 load imb.: force  1.7%

           Step           Time
          10000       20.00000

   Energies (kJ/mol)
            U-B    Proper Dih.  Improper Dih.      CMAP Dih.          LJ-14
    8.54196e+03    9.87475e+03    5.07418e+02   -4.14516e+02    3.34953e+03
     Coulomb-14        LJ (SR)   Coulomb (SR)   Coul. recip.      Potential
    3.15595e+04    9.31205e+04   -1.12264e+06    3.27718e+03   -9.72823e+05
    Kinetic En.   Total Energy    Temperature Pressure (bar)   Constr. rmsd
    1.76726e+05   -7.96097e+05    3.00895e+02   -2.70770e+02    3.38702e-05

Writing checkpoint, step 18260 at Mon Mar 12 13:53:26 2018


DD  step 19999 load imb.: force  2.6%

           Step           Time
          20000       40.00000

   Energies (kJ/mol)
            U-B    Proper Dih.  Improper Dih.      CMAP Dih.          LJ-14
    8.16124e+03    9.94816e+03    4.61035e+02   -4.21622e+02    3.35005e+03
     Coulomb-14        LJ (SR)   Coulomb (SR)   Coul. recip.      Potential
    3.24509e+04    9.51762e+04   -1.12560e+06    3.39072e+03   -9.73084e+05
    Kinetic En.   Total Energy    Temperature Pressure (bar)   Constr. rmsd
    1.75096e+05   -7.97989e+05    2.98120e+02    4.57946e+01    2.97703e-05

Writing checkpoint, step 28340 at Mon Mar 12 14:09:09 2018


DD  step 29999 load imb.: force  2.0%

           Step           Time
          30000       60.00000

   Energies (kJ/mol)
            U-B    Proper Dih.  Improper Dih.      CMAP Dih.          LJ-14
    8.19977e+03    9.94301e+03    5.84003e+02   -4.62708e+02    3.38046e+03
     Coulomb-14        LJ (SR)   Coulomb (SR)   Coul. recip.      Potential
    3.22176e+04    9.37873e+04   -1.12570e+06    3.26135e+03   -9.74790e+05
    Kinetic En.   Total Energy    Temperature Pressure (bar)   Constr. rmsd
    1.76488e+05   -7.98302e+05    3.00491e+02   -1.45071e+02    3.08344e-05

DD  step 39999 load imb.: force  2.0%

           Step           Time
          40000       80.00000

   Energies (kJ/mol)
            U-B    Proper Dih.  Improper Dih.      CMAP Dih.          LJ-14
    8.43644e+03    9.93265e+03    5.47382e+02   -4.66817e+02    3.34474e+03
     Coulomb-14        LJ (SR)   Coulomb (SR)   Coul. recip.      Potential
    3.17867e+04    9.41024e+04   -1.12356e+06    3.35259e+03   -9.72519e+05
    Kinetic En.   Total Energy    Temperature Pressure (bar)   Constr. rmsd
    1.77380e+05   -7.95140e+05    3.02009e+02   -5.97141e+01    3.22069e-05

Writing checkpoint, step 42960 at Mon Mar 12 14:23:26 2018


DD  step 49999 load imb.: force  2.8%

           Step           Time
          50000      100.00000

   Energies (kJ/mol)
            U-B    Proper Dih.  Improper Dih.      CMAP Dih.          LJ-14
    8.40918e+03    9.84886e+03    5.90201e+02   -4.76549e+02    3.30146e+03
     Coulomb-14        LJ (SR)   Coulomb (SR)   Coul. recip.      Potential
    3.20468e+04    9.66099e+04   -1.12803e+06    3.39268e+03   -9.74308e+05
    Kinetic En.   Total Energy    Temperature Pressure (bar)   Constr. rmsd
    1.75961e+05   -7.98347e+05    2.99593e+02    1.66433e+02    3.23051e-05

Writing checkpoint, step 58100 at Mon Mar 12 14:38:27 2018


DD  step 59999 load imb.: force  5.9%

           Step           Time
          60000      120.00000

   Energies (kJ/mol)
            U-B    Proper Dih.  Improper Dih.      CMAP Dih.          LJ-14
    8.38166e+03    9.95779e+03    5.19441e+02   -4.16494e+02    3.27417e+03
     Coulomb-14        LJ (SR)   Coulomb (SR)   Coul. recip.      Potential
    3.17749e+04    9.55412e+04   -1.12765e+06    3.26476e+03   -9.75355e+05
    Kinetic En.   Total Energy    Temperature Pressure (bar)   Constr. rmsd
    1.75076e+05   -8.00278e+05    2.98086e+02   -5.29895e+01    3.08344e-05

