Log file opened on Mon Mar 12 10:54:42 2018
Host: Marcos-MacBook-Pro.local  pid: 31974  rank ID: 0  number of ranks:  1
                      :-) GROMACS - gmx mdrun, 2016.4 (-:

                            GROMACS is written by:
     Emile Apol      Rossen Apostolov  Herman J.C. Berendsen    Par Bjelkmar   
 Aldert van Buuren   Rudi van Drunen     Anton Feenstra    Gerrit Groenhof  
 Christoph Junghans   Anca Hamuraru    Vincent Hindriksen Dimitrios Karkoulis
    Peter Kasson        Jiri Kraus      Carsten Kutzner      Per Larsson    
  Justin A. Lemkul   Magnus Lundborg   Pieter Meulenhoff    Erik Marklund   
   Teemu Murtola       Szilard Pall       Sander Pronk      Roland Schulz   
  Alexey Shvetsov     Michael Shirts     Alfons Sijbers     Peter Tieleman  
  Teemu Virolainen  Christian Wennberg    Maarten Wolf   
                           and the project leaders:
        Mark Abraham, Berk Hess, Erik Lindahl, and David van der Spoel

Copyright (c) 1991-2000, University of Groningen, The Netherlands.
Copyright (c) 2001-2017, The GROMACS development team at
Uppsala University, Stockholm University and
the Royal Institute of Technology, Sweden.
check out http://www.gromacs.org for more information.

GROMACS is free software; you can redistribute it and/or modify it
under the terms of the GNU Lesser General Public License
as published by the Free Software Foundation; either version 2.1
of the License, or (at your option) any later version.

GROMACS:      gmx mdrun, version 2016.4
Executable:   /usr/local/gromacs/bin/gmx
Data prefix:  /usr/local/gromacs
Working dir:  /Users/mmravic/pd1_miniDesign/0_Pd1_pdl1-MD
Command line:
  gmx mdrun -v -deffnm nvt_c36

GROMACS version:    2016.4
Precision:          single
Memory model:       64 bit
MPI library:        thread_mpi
OpenMP support:     disabled
GPU support:        disabled
SIMD instructions:  AVX2_256
FFT library:        fftw-3.3.5-sse2
RDTSCP usage:       enabled
TNG support:        enabled
Hwloc support:      disabled
Tracing support:    disabled
Built on:           Tue Nov 14 03:29:05 PST 2017
Built by:           mmravic@DEPT-1V2N3H2-LT.campus.net.ucsf.edu [CMAKE]
Build OS/arch:      Darwin 16.7.0 x86_64
Build CPU vendor:   Intel
Build CPU brand:    Intel(R) Core(TM) i7-7567U CPU @ 3.50GHz
Build CPU family:   6   Model: 142   Stepping: 9
Build CPU features: aes apic avx avx2 clfsh cmov cx8 cx16 f16c fma htt lahf mmx msr nonstop_tsc pcid pclmuldq pdcm pdpe1gb popcnt pse rdrnd rdtscp sse2 sse3 sse4.1 sse4.2 ssse3 tdt x2apic
C compiler:         /Applications/Xcode.app/Contents/Developer/Toolchains/XcodeDefault.xctoolchain/usr/bin/cc Clang 9.0.0.9000038
C compiler flags:    -march=core-avx2    -Wno-unknown-pragmas  -O3 -DNDEBUG  
C++ compiler:       /Applications/Xcode.app/Contents/Developer/Toolchains/XcodeDefault.xctoolchain/usr/bin/c++ Clang 9.0.0.9000038
C++ compiler flags:  -march=core-avx2    -std=c++0x  -Wno-unknown-pragmas  -O3 -DNDEBUG  


Running on 1 node with total 4 cores, 4 logical cores
Hardware detected:
  CPU info:
    Vendor: Intel
    Brand:  Intel(R) Core(TM) i7-7567U CPU @ 3.50GHz
    Family: 6   Model: 142   Stepping: 9
    Features: aes apic avx avx2 clfsh cmov cx8 cx16 f16c fma htt lahf mmx msr nonstop_tsc pcid pclmuldq pdcm pdpe1gb popcnt pse rdrnd rdtscp sse2 sse3 sse4.1 sse4.2 ssse3 tdt x2apic
    SIMD instructions most likely to fit this hardware: AVX2_256
    SIMD instructions selected at GROMACS compile time: AVX2_256

  Hardware topology: Only logical processor count


++++ PLEASE READ AND CITE THE FOLLOWING REFERENCE ++++
M. J. Abraham, T. Murtola, R. Schulz, S. Páll, J. C. Smith, B. Hess, E.
Lindahl
GROMACS: High performance molecular simulations through multi-level
parallelism from laptops to supercomputers
SoftwareX 1 (2015) pp. 19-25
-------- -------- --- Thank You --- -------- --------


++++ PLEASE READ AND CITE THE FOLLOWING REFERENCE ++++
S. Páll, M. J. Abraham, C. Kutzner, B. Hess, E. Lindahl
Tackling Exascale Software Challenges in Molecular Dynamics Simulations with
GROMACS
In S. Markidis & E. Laure (Eds.), Solving Software Challenges for Exascale 8759 (2015) pp. 3-27
-------- -------- --- Thank You --- -------- --------


++++ PLEASE READ AND CITE THE FOLLOWING REFERENCE ++++
S. Pronk, S. Páll, R. Schulz, P. Larsson, P. Bjelkmar, R. Apostolov, M. R.
Shirts, J. C. Smith, P. M. Kasson, D. van der Spoel, B. Hess, and E. Lindahl
GROMACS 4.5: a high-throughput and highly parallel open source molecular
simulation toolkit
Bioinformatics 29 (2013) pp. 845-54
-------- -------- --- Thank You --- -------- --------


++++ PLEASE READ AND CITE THE FOLLOWING REFERENCE ++++
B. Hess and C. Kutzner and D. van der Spoel and E. Lindahl
GROMACS 4: Algorithms for highly efficient, load-balanced, and scalable
molecular simulation
J. Chem. Theory Comput. 4 (2008) pp. 435-447
-------- -------- --- Thank You --- -------- --------


++++ PLEASE READ AND CITE THE FOLLOWING REFERENCE ++++
D. van der Spoel, E. Lindahl, B. Hess, G. Groenhof, A. E. Mark and H. J. C.
Berendsen
GROMACS: Fast, Flexible and Free
J. Comp. Chem. 26 (2005) pp. 1701-1719
-------- -------- --- Thank You --- -------- --------


++++ PLEASE READ AND CITE THE FOLLOWING REFERENCE ++++
E. Lindahl and B. Hess and D. van der Spoel
GROMACS 3.0: A package for molecular simulation and trajectory analysis
J. Mol. Mod. 7 (2001) pp. 306-317
-------- -------- --- Thank You --- -------- --------


++++ PLEASE READ AND CITE THE FOLLOWING REFERENCE ++++
H. J. C. Berendsen, D. van der Spoel and R. van Drunen
GROMACS: A message-passing parallel molecular dynamics implementation
Comp. Phys. Comm. 91 (1995) pp. 43-56
-------- -------- --- Thank You --- -------- --------

Changing nstlist from 10 to 25, rlist from 1.2 to 1.239

Input Parameters:
   integrator                     = md
   tinit                          = 0
   dt                             = 0.002
   nsteps                         = 50000
   init-step                      = 0
   simulation-part                = 1
   comm-mode                      = Linear
   nstcomm                        = 100
   bd-fric                        = 0
   ld-seed                        = -1220297714
   emtol                          = 10
   emstep                         = 0.01
   niter                          = 20
   fcstep                         = 0
   nstcgsteep                     = 1000
   nbfgscorr                      = 10
   rtpi                           = 0.05
   nstxout                        = 500
   nstvout                        = 500
   nstfout                        = 0
   nstlog                         = 500
   nstcalcenergy                  = 100
   nstenergy                      = 500
   nstxout-compressed             = 0
   compressed-x-precision         = 1000
   cutoff-scheme                  = Verlet
   nstlist                        = 25
   ns-type                        = Grid
   pbc                            = xyz
   periodic-molecules             = false
   verlet-buffer-tolerance        = 0.005
   rlist                          = 1.239
   coulombtype                    = PME
   coulomb-modifier               = Potential-shift
   rcoulomb-switch                = 0
   rcoulomb                       = 1.2
   epsilon-r                      = 1
   epsilon-rf                     = inf
   vdw-type                       = Cut-off
   vdw-modifier                   = Force-switch
   rvdw-switch                    = 1
   rvdw                           = 1.2
   DispCorr                       = No
   table-extension                = 1
   fourierspacing                 = 0.16
   fourier-nx                     = 60
   fourier-ny                     = 60
   fourier-nz                     = 60
   pme-order                      = 4
   ewald-rtol                     = 1e-05
   ewald-rtol-lj                  = 0.001
   lj-pme-comb-rule               = Geometric
   ewald-geometry                 = 0
   epsilon-surface                = 0
   implicit-solvent               = No
   gb-algorithm                   = Still
   nstgbradii                     = 1
   rgbradii                       = 1
   gb-epsilon-solvent             = 80
   gb-saltconc                    = 0
   gb-obc-alpha                   = 1
   gb-obc-beta                    = 0.8
   gb-obc-gamma                   = 4.85
   gb-dielectric-offset           = 0.009
   sa-algorithm                   = Ace-approximation
   sa-surface-tension             = 2.05016
   tcoupl                         = V-rescale
   nsttcouple                     = 10
   nh-chain-length                = 0
   print-nose-hoover-chain-variables = false
   pcoupl                         = No
   pcoupltype                     = Isotropic
   nstpcouple                     = -1
   tau-p                          = 1
   compressibility (3x3):
      compressibility[    0]={ 0.00000e+00,  0.00000e+00,  0.00000e+00}
      compressibility[    1]={ 0.00000e+00,  0.00000e+00,  0.00000e+00}
      compressibility[    2]={ 0.00000e+00,  0.00000e+00,  0.00000e+00}
   ref-p (3x3):
      ref-p[    0]={ 0.00000e+00,  0.00000e+00,  0.00000e+00}
      ref-p[    1]={ 0.00000e+00,  0.00000e+00,  0.00000e+00}
      ref-p[    2]={ 0.00000e+00,  0.00000e+00,  0.00000e+00}
   refcoord-scaling               = No
   posres-com (3):
      posres-com[0]= 0.00000e+00
      posres-com[1]= 0.00000e+00
      posres-com[2]= 0.00000e+00
   posres-comB (3):
      posres-comB[0]= 0.00000e+00
      posres-comB[1]= 0.00000e+00
      posres-comB[2]= 0.00000e+00
   QMMM                           = false
   QMconstraints                  = 0
   QMMMscheme                     = 0
   MMChargeScaleFactor            = 1
qm-opts:
   ngQM                           = 0
   constraint-algorithm           = Lincs
   continuation                   = false
   Shake-SOR                      = false
   shake-tol                      = 0.0001
   lincs-order                    = 4
   lincs-iter                     = 1
   lincs-warnangle                = 30
   nwall                          = 0
   wall-type                      = 9-3
   wall-r-linpot                  = -1
   wall-atomtype[0]               = -1
   wall-atomtype[1]               = -1
   wall-density[0]                = 0
   wall-density[1]                = 0
   wall-ewald-zfac                = 3
   pull                           = false
   rotation                       = false
   interactiveMD                  = false
   disre                          = No
   disre-weighting                = Conservative
   disre-mixed                    = false
   dr-fc                          = 1000
   dr-tau                         = 0
   nstdisreout                    = 100
   orire-fc                       = 0
   orire-tau                      = 0
   nstorireout                    = 100
   free-energy                    = no
   cos-acceleration               = 0
   deform (3x3):
      deform[    0]={ 0.00000e+00,  0.00000e+00,  0.00000e+00}
      deform[    1]={ 0.00000e+00,  0.00000e+00,  0.00000e+00}
      deform[    2]={ 0.00000e+00,  0.00000e+00,  0.00000e+00}
   simulated-tempering            = false
   E-x:
      n = 0
   E-xt:
      n = 0
   E-y:
      n = 0
   E-yt:
      n = 0
   E-z:
      n = 0
   E-zt:
      n = 0
   swapcoords                     = no
   userint1                       = 0
   userint2                       = 0
   userint3                       = 0
   userint4                       = 0
   userreal1                      = 0
   userreal2                      = 0
   userreal3                      = 0
   userreal4                      = 0
grpopts:
   nrdf:     7329.84      133950
   ref-t:         300         300
   tau-t:         0.1         0.1
annealing:          No          No
annealing-npoints:           0           0
   acc:	           0           0           0
   nfreeze:           N           N           N
   energygrp-flags[  0]: 0


Initializing Domain Decomposition on 4 ranks
Dynamic load balancing: auto
Initial maximum inter charge-group distances:
    two-body bonded interactions: 0.444 nm, LJ-14, atoms 311 1388
  multi-body bonded interactions: 0.488 nm, CMAP Dih., atoms 3491 3505
Minimum cell size due to bonded interactions: 0.537 nm
Maximum distance for 5 constraints, at 120 deg. angles, all-trans: 0.874 nm
Estimated maximum distance required for P-LINCS: 0.874 nm
This distance will limit the DD cell size, you can override this with -rcon
Using 0 separate PME ranks, as there are too few total
 ranks for efficient splitting
Scaling the initial minimum size with 1/0.8 (option -dds) = 1.25
Optimizing the DD grid for 4 cells with a minimum initial size of 1.092 nm
The maximum allowed number of cells is: X 8 Y 8 Z 8
Domain decomposition grid 4 x 1 x 1, separate PME ranks 0
PME domain decomposition: 4 x 1 x 1
Domain decomposition rank 0, coordinates 0 0 0

The initial number of communication pulses is: X 1
The initial domain decomposition cell size is: X 2.24 nm

The maximum allowed distance for charge groups involved in interactions is:
                 non-bonded interactions           1.239 nm
            two-body bonded interactions  (-rdd)   1.239 nm
          multi-body bonded interactions  (-rdd)   1.239 nm
  atoms separated by up to 5 constraints  (-rcon)  2.240 nm

When dynamic load balancing gets turned on, these settings will change to:
The maximum number of communication pulses is: X 1
The minimum size for domain decomposition cells is 1.239 nm
The requested allowed shrink of DD cells (option -dds) is: 0.80
The allowed shrink of domain decomposition cells is: X 0.55
The maximum allowed distance for charge groups involved in interactions is:
                 non-bonded interactions           1.239 nm
            two-body bonded interactions  (-rdd)   1.239 nm
          multi-body bonded interactions  (-rdd)   1.239 nm
  atoms separated by up to 5 constraints  (-rcon)  1.239 nm

Using 4 MPI threads
Will do PME sum in reciprocal space for electrostatic interactions.

++++ PLEASE READ AND CITE THE FOLLOWING REFERENCE ++++
U. Essmann, L. Perera, M. L. Berkowitz, T. Darden, H. Lee and L. G. Pedersen 
A smooth particle mesh Ewald method
J. Chem. Phys. 103 (1995) pp. 8577-8592
-------- -------- --- Thank You --- -------- --------

Will do ordinary reciprocal space Ewald sum.
Using a Gaussian width (1/beta) of 0.384195 nm for Ewald
Cut-off's:   NS: 1.239   Coulomb: 1.2   LJ: 1.2
System total charge: 0.000
Generated table with 1119 data points for 1-4 COUL.
Tabscale = 500 points/nm
Generated table with 1119 data points for 1-4 LJ6.
Tabscale = 500 points/nm
Generated table with 1119 data points for 1-4 LJ12.
Tabscale = 500 points/nm
Potential shift: LJ r^-12: -2.648e-01 r^-6: -5.349e-01, Ewald -8.333e-06
Initialized non-bonded Ewald correction tables, spacing: 1.02e-03 size: 1176


Using SIMD 4x8 non-bonded kernels

Removing pbc first time

Initializing Parallel LINear Constraint Solver

++++ PLEASE READ AND CITE THE FOLLOWING REFERENCE ++++
B. Hess
P-LINCS: A Parallel Linear Constraint Solver for molecular simulation
J. Chem. Theory Comput. 4 (2008) pp. 116-122
-------- -------- --- Thank You --- -------- --------

The number of constraints is 3719
There are inter charge-group constraints,
will communicate selected coordinates each lincs iteration

++++ PLEASE READ AND CITE THE FOLLOWING REFERENCE ++++
S. Miyamoto and P. A. Kollman
SETTLE: An Analytical Version of the SHAKE and RATTLE Algorithms for Rigid
Water Models
J. Comp. Chem. 13 (1992) pp. 952-962
-------- -------- --- Thank You --- -------- --------


Linking all bonded interactions to atoms

Intra-simulation communication will occur every 5 steps.
Center of mass motion removal mode is Linear
We have the following groups for center of mass motion removal:
  0:  rest

++++ PLEASE READ AND CITE THE FOLLOWING REFERENCE ++++
G. Bussi, D. Donadio and M. Parrinello
Canonical sampling through velocity rescaling
J. Chem. Phys. 126 (2007) pp. 014101
-------- -------- --- Thank You --- -------- --------

There are: 70616 Atoms
Atom distribution over 4 domains: av 17654 stddev 232 min 17291 max 17935

Constraining the starting coordinates (step 0)

Constraining the coordinates at t0-dt (step 0)
RMS relative constraint deviation after constraining: 5.78e-05
Initial temperature: 300.127 K

Started mdrun on rank 0 Mon Mar 12 10:54:42 2018
           Step           Time
              0        0.00000

   Energies (kJ/mol)
            U-B    Proper Dih.  Improper Dih.      CMAP Dih.          LJ-14
    4.47768e+03    9.32674e+03    1.37183e+02   -3.06576e+02    2.75310e+03
     Coulomb-14        LJ (SR)   Coulomb (SR)   Coul. recip. Position Rest.
    3.07715e+04    1.06914e+05   -1.29497e+06    4.04795e+03    3.67539e+00
      Potential    Kinetic En.   Total Energy  Conserved En.    Temperature
   -1.13684e+06    1.76323e+05   -9.60517e+05   -9.60517e+05    3.00209e+02
 Pressure (bar)   Constr. rmsd
   -6.47488e+03    7.55755e-05

DD  step 24 load imb.: force  2.1%

DD  step 499 load imb.: force  2.6%

           Step           Time
            500        1.00000

   Energies (kJ/mol)
            U-B    Proper Dih.  Improper Dih.      CMAP Dih.          LJ-14
    8.03128e+03    1.02086e+04    5.26820e+02   -2.72230e+02    3.36613e+03
     Coulomb-14        LJ (SR)   Coulomb (SR)   Coul. recip. Position Rest.
    3.19863e+04    9.64506e+04   -1.12278e+06    3.44953e+03    1.31246e+03
      Potential    Kinetic En.   Total Energy  Conserved En.    Temperature
   -9.67718e+05    1.74393e+05   -7.93325e+05   -9.59156e+05    2.96923e+02
 Pressure (bar)   Constr. rmsd
   -6.56700e+02    3.22281e-05

DD  step 999 load imb.: force  4.4%

           Step           Time
           1000        2.00000

   Energies (kJ/mol)
            U-B    Proper Dih.  Improper Dih.      CMAP Dih.          LJ-14
    8.21537e+03    1.01961e+04    5.69680e+02   -2.76690e+02    3.37677e+03
     Coulomb-14        LJ (SR)   Coulomb (SR)   Coul. recip. Position Rest.
    3.18508e+04    9.17112e+04   -1.11379e+06    3.49647e+03    1.28389e+03
      Potential    Kinetic En.   Total Energy  Conserved En.    Temperature
   -9.63362e+05    1.76180e+05   -7.87182e+05   -9.59176e+05    2.99965e+02
 Pressure (bar)   Constr. rmsd
   -6.50622e+02    3.13715e-05

DD  step 1499 load imb.: force  3.5%

           Step           Time
           1500        3.00000

   Energies (kJ/mol)
            U-B    Proper Dih.  Improper Dih.      CMAP Dih.          LJ-14
    8.39117e+03    1.00949e+04    5.15975e+02   -2.85226e+02    3.39411e+03
     Coulomb-14        LJ (SR)   Coulomb (SR)   Coul. recip. Position Rest.
    3.20473e+04    9.27086e+04   -1.11608e+06    3.51834e+03    1.26492e+03
      Potential    Kinetic En.   Total Energy  Conserved En.    Temperature
   -9.64435e+05    1.76495e+05   -7.87940e+05   -9.59207e+05    3.00502e+02
 Pressure (bar)   Constr. rmsd
   -2.82385e+02    3.07167e-05

DD  step 1999 load imb.: force  1.8%

           Step           Time
           2000        4.00000

   Energies (kJ/mol)
            U-B    Proper Dih.  Improper Dih.      CMAP Dih.          LJ-14
    8.22734e+03    1.00120e+04    5.38656e+02   -2.64996e+02    3.37559e+03
     Coulomb-14        LJ (SR)   Coulomb (SR)   Coul. recip. Position Rest.
    3.18058e+04    9.28663e+04   -1.11555e+06    3.38901e+03    1.22077e+03
      Potential    Kinetic En.   Total Energy  Conserved En.    Temperature
   -9.64380e+05    1.75890e+05   -7.88490e+05   -9.59260e+05    2.99471e+02
 Pressure (bar)   Constr. rmsd
   -6.82067e+02    3.08972e-05

DD  step 2499 load imb.: force  1.8%


step 2500 Turning on dynamic load balancing, because the performance loss due to load imbalance is 2.0 %.

           Step           Time
           2500        5.00000

   Energies (kJ/mol)
            U-B    Proper Dih.  Improper Dih.      CMAP Dih.          LJ-14
    8.28329e+03    1.00350e+04    4.96680e+02   -3.02466e+02    3.33609e+03
     Coulomb-14        LJ (SR)   Coulomb (SR)   Coul. recip. Position Rest.
    3.20280e+04    9.30932e+04   -1.11757e+06    3.45345e+03    1.12644e+03
      Potential    Kinetic En.   Total Energy  Conserved En.    Temperature
   -9.66022e+05    1.75476e+05   -7.90546e+05   -9.59282e+05    2.98768e+02
 Pressure (bar)   Constr. rmsd
   -5.96032e+02    3.07885e-05

DD  step 2999  vol min/aver 0.965  load imb.: force  0.4%

           Step           Time
           3000        6.00000

   Energies (kJ/mol)
            U-B    Proper Dih.  Improper Dih.      CMAP Dih.          LJ-14
    8.15566e+03    1.00524e+04    5.04678e+02   -2.80486e+02    3.36773e+03
     Coulomb-14        LJ (SR)   Coulomb (SR)   Coul. recip. Position Rest.
    3.20677e+04    9.40961e+04   -1.11747e+06    3.50672e+03    1.18938e+03
      Potential    Kinetic En.   Total Energy  Conserved En.    Temperature
   -9.64806e+05    1.75783e+05   -7.89023e+05   -9.59320e+05    2.99289e+02
 Pressure (bar)   Constr. rmsd
   -5.49669e+02    3.08397e-05

DD  step 3499  vol min/aver 0.980  load imb.: force  2.8%


step 3500 Turning off dynamic load balancing, because it is degrading performance.

Atom distribution over 4 domains: av 17654 stddev 158 min 17453 max 17864
           Step           Time
           3500        7.00000

   Energies (kJ/mol)
            U-B    Proper Dih.  Improper Dih.      CMAP Dih.          LJ-14
    8.03667e+03    1.01810e+04    5.65112e+02   -2.91504e+02    3.42962e+03
     Coulomb-14        LJ (SR)   Coulomb (SR)   Coul. recip. Position Rest.
    3.20303e+04    9.16984e+04   -1.11364e+06    3.46714e+03    1.22154e+03
      Potential    Kinetic En.   Total Energy  Conserved En.    Temperature
   -9.63306e+05    1.76314e+05   -7.86992e+05   -9.59380e+05    3.00194e+02
 Pressure (bar)   Constr. rmsd
   -7.75893e+02    3.06996e-05

DD  step 3999 load imb.: force  1.9%

           Step           Time
           4000        8.00000

   Energies (kJ/mol)
            U-B    Proper Dih.  Improper Dih.      CMAP Dih.          LJ-14
    8.39457e+03    1.00614e+04    5.16767e+02   -2.83575e+02    3.45599e+03
     Coulomb-14        LJ (SR)   Coulomb (SR)   Coul. recip. Position Rest.
    3.18904e+04    9.21054e+04   -1.11377e+06    3.48601e+03    1.20580e+03
      Potential    Kinetic En.   Total Energy  Conserved En.    Temperature
   -9.62942e+05    1.76612e+05   -7.86330e+05   -9.59394e+05    3.00701e+02
 Pressure (bar)   Constr. rmsd
   -5.25578e+02    3.06496e-05

DD  step 4499 load imb.: force  2.3%

           Step           Time
           4500        9.00000

   Energies (kJ/mol)
            U-B    Proper Dih.  Improper Dih.      CMAP Dih.          LJ-14
    8.45630e+03    9.97489e+03    5.50862e+02   -3.11091e+02    3.33083e+03
     Coulomb-14        LJ (SR)   Coulomb (SR)   Coul. recip. Position Rest.
    3.17200e+04    9.35394e+04   -1.11590e+06    3.40878e+03    1.13506e+03
      Potential    Kinetic En.   Total Energy  Conserved En.    Temperature
   -9.64097e+05    1.75425e+05   -7.88672e+05   -9.59433e+05    2.98681e+02
 Pressure (bar)   Constr. rmsd
   -3.96985e+02    3.27780e-05

DD  step 4999 load imb.: force  2.0%

           Step           Time
           5000       10.00000

   Energies (kJ/mol)
            U-B    Proper Dih.  Improper Dih.      CMAP Dih.          LJ-14
    8.43139e+03    1.00417e+04    5.34762e+02   -2.80543e+02    3.42790e+03
     Coulomb-14        LJ (SR)   Coulomb (SR)   Coul. recip. Position Rest.
    3.16695e+04    9.16827e+04   -1.11282e+06    3.47794e+03    1.18552e+03
      Potential    Kinetic En.   Total Energy  Conserved En.    Temperature
   -9.62645e+05    1.76722e+05   -7.85923e+05   -9.59492e+05    3.00889e+02
 Pressure (bar)   Constr. rmsd
   -5.80267e+02    3.29790e-05

DD  step 5499 load imb.: force  2.8%

           Step           Time
           5500       11.00000

   Energies (kJ/mol)
            U-B    Proper Dih.  Improper Dih.      CMAP Dih.          LJ-14
    8.38451e+03    1.01467e+04    4.82787e+02   -3.23571e+02    3.34293e+03
     Coulomb-14        LJ (SR)   Coulomb (SR)   Coul. recip. Position Rest.
    3.18785e+04    9.17003e+04   -1.11549e+06    3.41559e+03    1.10501e+03
      Potential    Kinetic En.   Total Energy  Conserved En.    Temperature
   -9.65362e+05    1.76568e+05   -7.88793e+05   -9.59527e+05    3.00627e+02
 Pressure (bar)   Constr. rmsd
   -7.25807e+02    3.08775e-05

DD  step 5999 load imb.: force  3.9%

           Step           Time
           6000       12.00000

   Energies (kJ/mol)
            U-B    Proper Dih.  Improper Dih.      CMAP Dih.          LJ-14
    8.24866e+03    1.00390e+04    4.93188e+02   -3.24094e+02    3.36783e+03
     Coulomb-14        LJ (SR)   Coulomb (SR)   Coul. recip. Position Rest.
    3.16632e+04    9.44426e+04   -1.11808e+06    3.47788e+03    1.10758e+03
      Potential    Kinetic En.   Total Energy  Conserved En.    Temperature
   -9.65560e+05    1.75895e+05   -7.89665e+05   -9.59566e+05    2.99481e+02
 Pressure (bar)   Constr. rmsd
   -4.37655e+02    3.26519e-05

DD  step 6499 load imb.: force  3.3%

           Step           Time
           6500       13.00000

   Energies (kJ/mol)
            U-B    Proper Dih.  Improper Dih.      CMAP Dih.          LJ-14
    8.43078e+03    1.00964e+04    5.58993e+02   -3.01459e+02    3.34779e+03
     Coulomb-14        LJ (SR)   Coulomb (SR)   Coul. recip. Position Rest.
    3.19912e+04    9.26765e+04   -1.11454e+06    3.43041e+03    1.13106e+03
      Potential    Kinetic En.   Total Energy  Conserved En.    Temperature
   -9.63180e+05    1.75604e+05   -7.87576e+05   -9.59568e+05    2.98985e+02
 Pressure (bar)   Constr. rmsd
   -5.10262e+02    3.09686e-05

DD  step 6999 load imb.: force  3.6%

           Step           Time
           7000       14.00000

   Energies (kJ/mol)
            U-B    Proper Dih.  Improper Dih.      CMAP Dih.          LJ-14
    8.36071e+03    1.00736e+04    4.94794e+02   -2.93342e+02    3.35922e+03
     Coulomb-14        LJ (SR)   Coulomb (SR)   Coul. recip. Position Rest.
    3.18784e+04    9.43342e+04   -1.11825e+06    3.44405e+03    1.17578e+03
      Potential    Kinetic En.   Total Energy  Conserved En.    Temperature
   -9.65420e+05    1.77362e+05   -7.88057e+05   -9.59631e+05    3.01979e+02
 Pressure (bar)   Constr. rmsd
   -8.77376e+02    3.08318e-05

DD  step 7499 load imb.: force  3.3%

           Step           Time
           7500       15.00000

   Energies (kJ/mol)
            U-B    Proper Dih.  Improper Dih.      CMAP Dih.          LJ-14
    8.35578e+03    9.91661e+03    5.12418e+02   -3.27018e+02    3.36674e+03
     Coulomb-14        LJ (SR)   Coulomb (SR)   Coul. recip. Position Rest.
    3.18868e+04    9.32770e+04   -1.11607e+06    3.41889e+03    1.07430e+03
      Potential    Kinetic En.   Total Energy  Conserved En.    Temperature
   -9.64586e+05    1.76617e+05   -7.87970e+05   -9.59688e+05    3.00709e+02
 Pressure (bar)   Constr. rmsd
   -6.20408e+02    3.31887e-05

DD  step 7999 load imb.: force  2.8%

           Step           Time
           8000       16.00000

   Energies (kJ/mol)
            U-B    Proper Dih.  Improper Dih.      CMAP Dih.          LJ-14
    8.29952e+03    9.93374e+03    5.09809e+02   -2.92855e+02    3.35951e+03
     Coulomb-14        LJ (SR)   Coulomb (SR)   Coul. recip. Position Rest.
    3.18971e+04    9.16969e+04   -1.11538e+06    3.43811e+03    1.08293e+03
      Potential    Kinetic En.   Total Energy  Conserved En.    Temperature
   -9.65450e+05    1.75896e+05   -7.89554e+05   -9.59712e+05    2.99483e+02
 Pressure (bar)   Constr. rmsd
   -6.45373e+02    3.09264e-05

DD  step 8499 load imb.: force  1.7%

           Step           Time
           8500       17.00000

   Energies (kJ/mol)
            U-B    Proper Dih.  Improper Dih.      CMAP Dih.          LJ-14
    8.29772e+03    1.00922e+04    5.24406e+02   -2.71134e+02    3.38400e+03
     Coulomb-14        LJ (SR)   Coulomb (SR)   Coul. recip. Position Rest.
    3.19728e+04    9.22053e+04   -1.11550e+06    3.49958e+03    1.11130e+03
      Potential    Kinetic En.   Total Energy  Conserved En.    Temperature
   -9.64685e+05    1.77090e+05   -7.87595e+05   -9.59755e+05    3.01515e+02
 Pressure (bar)   Constr. rmsd
   -7.16320e+02    3.34205e-05

DD  step 8999 load imb.: force  1.9%

           Step           Time
           9000       18.00000

   Energies (kJ/mol)
            U-B    Proper Dih.  Improper Dih.      CMAP Dih.          LJ-14
    8.06530e+03    1.00057e+04    5.27751e+02   -2.74729e+02    3.31902e+03
     Coulomb-14        LJ (SR)   Coulomb (SR)   Coul. recip. Position Rest.
    3.19387e+04    9.21672e+04   -1.11671e+06    3.37980e+03    1.11246e+03
      Potential    Kinetic En.   Total Energy  Conserved En.    Temperature
   -9.66472e+05    1.75627e+05   -7.90846e+05   -9.59784e+05    2.99023e+02
 Pressure (bar)   Constr. rmsd
   -8.07422e+02    3.18240e-05

DD  step 9499 load imb.: force  4.8%

           Step           Time
           9500       19.00000

   Energies (kJ/mol)
            U-B    Proper Dih.  Improper Dih.      CMAP Dih.          LJ-14
    8.35741e+03    1.00665e+04    5.06588e+02   -3.06636e+02    3.33039e+03
     Coulomb-14        LJ (SR)   Coulomb (SR)   Coul. recip. Position Rest.
    3.16121e+04    9.17718e+04   -1.11663e+06    3.47777e+03    1.05203e+03
      Potential    Kinetic En.   Total Energy  Conserved En.    Temperature
   -9.66767e+05    1.75839e+05   -7.90928e+05   -9.59818e+05    2.99385e+02
 Pressure (bar)   Constr. rmsd
   -8.60739e+02    3.30965e-05

DD  step 9999 load imb.: force  5.5%

           Step           Time
          10000       20.00000

   Energies (kJ/mol)
            U-B    Proper Dih.  Improper Dih.      CMAP Dih.          LJ-14
    8.40748e+03    9.98165e+03    4.88239e+02   -2.67278e+02    3.34793e+03
     Coulomb-14        LJ (SR)   Coulomb (SR)   Coul. recip. Position Rest.
    3.18675e+04    9.31962e+04   -1.11568e+06    3.52201e+03    1.11511e+03
      Potential    Kinetic En.   Total Energy  Conserved En.    Temperature
   -9.64016e+05    1.76794e+05   -7.87222e+05   -9.59841e+05    3.01012e+02
 Pressure (bar)   Constr. rmsd
   -6.34250e+02    3.10299e-05

DD  step 10499 load imb.: force  2.5%

           Step           Time
          10500       21.00000

   Energies (kJ/mol)
            U-B    Proper Dih.  Improper Dih.      CMAP Dih.          LJ-14
    8.29538e+03    9.98343e+03    5.00128e+02   -2.36686e+02    3.41919e+03
     Coulomb-14        LJ (SR)   Coulomb (SR)   Coul. recip. Position Rest.
    3.17246e+04    9.34329e+04   -1.11555e+06    3.35360e+03    1.18541e+03
      Potential    Kinetic En.   Total Energy  Conserved En.    Temperature
   -9.63889e+05    1.75032e+05   -7.88857e+05   -9.59879e+05    2.98012e+02
 Pressure (bar)   Constr. rmsd
   -4.47363e+02    3.06699e-05

DD  step 10999 load imb.: force  2.8%

           Step           Time
          11000       22.00000

   Energies (kJ/mol)
            U-B    Proper Dih.  Improper Dih.      CMAP Dih.          LJ-14
    8.54353e+03    1.00551e+04    4.62717e+02   -3.06138e+02    3.30659e+03
     Coulomb-14        LJ (SR)   Coulomb (SR)   Coul. recip. Position Rest.
    3.20246e+04    9.03121e+04   -1.11321e+06    3.46479e+03    1.15434e+03
      Potential    Kinetic En.   Total Energy  Conserved En.    Temperature
   -9.64192e+05    1.76692e+05   -7.87500e+05   -9.59931e+05    3.00838e+02
 Pressure (bar)   Constr. rmsd
   -1.04768e+03    3.34898e-05

DD  step 11499 load imb.: force  2.2%

           Step           Time
          11500       23.00000

   Energies (kJ/mol)
            U-B    Proper Dih.  Improper Dih.      CMAP Dih.          LJ-14
    8.16389e+03    1.01018e+04    4.86440e+02   -2.56901e+02    3.43579e+03
     Coulomb-14        LJ (SR)   Coulomb (SR)   Coul. recip. Position Rest.
    3.19525e+04    9.34487e+04   -1.11586e+06    3.42594e+03    1.09376e+03
      Potential    Kinetic En.   Total Energy  Conserved En.    Temperature
   -9.64010e+05    1.76008e+05   -7.88001e+05   -9.59936e+05    2.99673e+02
 Pressure (bar)   Constr. rmsd
   -4.25763e+02    2.89117e-05

DD  step 11999 load imb.: force  1.7%

           Step           Time
          12000       24.00000

   Energies (kJ/mol)
            U-B    Proper Dih.  Improper Dih.      CMAP Dih.          LJ-14
    8.22595e+03    9.94949e+03    4.98056e+02   -2.80349e+02    3.35249e+03
     Coulomb-14        LJ (SR)   Coulomb (SR)   Coul. recip. Position Rest.
    3.21436e+04    9.35976e+04   -1.11600e+06    3.44283e+03    1.15430e+03
      Potential    Kinetic En.   Total Energy  Conserved En.    Temperature
   -9.63920e+05    1.76253e+05   -7.87667e+05   -9.59992e+05    3.00090e+02
 Pressure (bar)   Constr. rmsd
   -4.76026e+02    3.06409e-05

DD  step 12499 load imb.: force  2.2%

           Step           Time
          12500       25.00000

   Energies (kJ/mol)
            U-B    Proper Dih.  Improper Dih.      CMAP Dih.          LJ-14
    8.23541e+03    1.01172e+04    5.47060e+02   -3.46592e+02    3.33102e+03
     Coulomb-14        LJ (SR)   Coulomb (SR)   Coul. recip. Position Rest.
    3.18663e+04    9.31900e+04   -1.11597e+06    3.39715e+03    1.17081e+03
      Potential    Kinetic En.   Total Energy  Conserved En.    Temperature
   -9.64463e+05    1.76550e+05   -7.87913e+05   -9.60030e+05    3.00596e+02
 Pressure (bar)   Constr. rmsd
   -5.18117e+02    3.01510e-05

DD  step 12999 load imb.: force  3.7%

           Step           Time
          13000       26.00000

   Energies (kJ/mol)
            U-B    Proper Dih.  Improper Dih.      CMAP Dih.          LJ-14
    8.30990e+03    9.99702e+03    4.95479e+02   -2.50122e+02    3.43665e+03
     Coulomb-14        LJ (SR)   Coulomb (SR)   Coul. recip. Position Rest.
    3.20125e+04    9.42800e+04   -1.11701e+06    3.38790e+03    1.19246e+03
      Potential    Kinetic En.   Total Energy  Conserved En.    Temperature
   -9.64146e+05    1.77008e+05   -7.87138e+05   -9.60056e+05    3.01376e+02
 Pressure (bar)   Constr. rmsd
   -3.34366e+02    3.22329e-05

DD  step 13499 load imb.: force  2.0%

           Step           Time
          13500       27.00000

   Energies (kJ/mol)
            U-B    Proper Dih.  Improper Dih.      CMAP Dih.          LJ-14
    8.29076e+03    1.00214e+04    5.09876e+02   -3.22309e+02    3.43561e+03
     Coulomb-14        LJ (SR)   Coulomb (SR)   Coul. recip. Position Rest.
    3.18891e+04    9.31940e+04   -1.11562e+06    3.39712e+03    1.12977e+03
      Potential    Kinetic En.   Total Energy  Conserved En.    Temperature
   -9.64078e+05    1.76110e+05   -7.87968e+05   -9.60120e+05    2.99847e+02
 Pressure (bar)   Constr. rmsd
   -6.11093e+02    3.11026e-05

DD  step 13999 load imb.: force  2.0%

           Step           Time
          14000       28.00000

   Energies (kJ/mol)
            U-B    Proper Dih.  Improper Dih.      CMAP Dih.          LJ-14
    8.34962e+03    9.93613e+03    5.20838e+02   -2.59161e+02    3.40164e+03
     Coulomb-14        LJ (SR)   Coulomb (SR)   Coul. recip. Position Rest.
    3.20133e+04    9.20547e+04   -1.11501e+06    3.44601e+03    1.08453e+03
      Potential    Kinetic En.   Total Energy  Conserved En.    Temperature
   -9.64464e+05    1.76256e+05   -7.88207e+05   -9.60144e+05    3.00096e+02
 Pressure (bar)   Constr. rmsd
   -3.24176e+02    3.14011e-05

DD  step 14499 load imb.: force  2.3%

           Step           Time
          14500       29.00000

   Energies (kJ/mol)
            U-B    Proper Dih.  Improper Dih.      CMAP Dih.          LJ-14
    8.42629e+03    9.85339e+03    5.47404e+02   -2.67104e+02    3.42976e+03
     Coulomb-14        LJ (SR)   Coulomb (SR)   Coul. recip. Position Rest.
    3.17131e+04    9.43557e+04   -1.11757e+06    3.43858e+03    1.07085e+03
      Potential    Kinetic En.   Total Energy  Conserved En.    Temperature
   -9.65004e+05    1.76605e+05   -7.88399e+05   -9.60179e+05    3.00690e+02
 Pressure (bar)   Constr. rmsd
   -4.02199e+02    2.99797e-05

DD  step 14999 load imb.: force  1.8%

           Step           Time
          15000       30.00000

   Energies (kJ/mol)
            U-B    Proper Dih.  Improper Dih.      CMAP Dih.          LJ-14
    8.37837e+03    1.00324e+04    5.42150e+02   -2.66667e+02    3.33124e+03
     Coulomb-14        LJ (SR)   Coulomb (SR)   Coul. recip. Position Rest.
    3.20816e+04    9.46056e+04   -1.11918e+06    3.34131e+03    1.14936e+03
      Potential    Kinetic En.   Total Energy  Conserved En.    Temperature
   -9.65988e+05    1.75950e+05   -7.90038e+05   -9.60210e+05    2.99575e+02
 Pressure (bar)   Constr. rmsd
   -6.21389e+02    3.22521e-05

DD  step 15499 load imb.: force  2.6%

           Step           Time
          15500       31.00000

   Energies (kJ/mol)
            U-B    Proper Dih.  Improper Dih.      CMAP Dih.          LJ-14
    8.34370e+03    1.00431e+04    5.39174e+02   -2.89135e+02    3.33715e+03
     Coulomb-14        LJ (SR)   Coulomb (SR)   Coul. recip. Position Rest.
    3.15896e+04    9.32618e+04   -1.11717e+06    3.44679e+03    1.12662e+03
      Potential    Kinetic En.   Total Energy  Conserved En.    Temperature
   -9.65770e+05    1.76200e+05   -7.89570e+05   -9.60256e+05    3.00000e+02
 Pressure (bar)   Constr. rmsd
   -5.99900e+02    3.09634e-05

DD  step 15999 load imb.: force  2.7%

           Step           Time
          16000       32.00000

   Energies (kJ/mol)
            U-B    Proper Dih.  Improper Dih.      CMAP Dih.          LJ-14
    8.21528e+03    1.01887e+04    5.39563e+02   -2.77316e+02    3.36935e+03
     Coulomb-14        LJ (SR)   Coulomb (SR)   Coul. recip. Position Rest.
    3.16494e+04    9.35237e+04   -1.11681e+06    3.28935e+03    1.14016e+03
      Potential    Kinetic En.   Total Energy  Conserved En.    Temperature
   -9.65168e+05    1.76423e+05   -7.88745e+05   -9.60304e+05    3.00379e+02
 Pressure (bar)   Constr. rmsd
   -4.79972e+02    3.21516e-05

DD  step 16499 load imb.: force  2.7%

           Step           Time
          16500       33.00000

   Energies (kJ/mol)
            U-B    Proper Dih.  Improper Dih.      CMAP Dih.          LJ-14
    8.39409e+03    1.01310e+04    5.37167e+02   -2.91105e+02    3.41289e+03
     Coulomb-14        LJ (SR)   Coulomb (SR)   Coul. recip. Position Rest.
    3.17332e+04    9.29620e+04   -1.11557e+06    3.40889e+03    1.15717e+03
      Potential    Kinetic En.   Total Energy  Conserved En.    Temperature
   -9.64125e+05    1.76067e+05   -7.88058e+05   -9.60312e+05    2.99773e+02
 Pressure (bar)   Constr. rmsd
   -3.56794e+02    3.17182e-05

DD  step 16999 load imb.: force  4.0%

           Step           Time
          17000       34.00000

   Energies (kJ/mol)
            U-B    Proper Dih.  Improper Dih.      CMAP Dih.          LJ-14
    8.20643e+03    9.98889e+03    5.41310e+02   -2.45622e+02    3.37921e+03
     Coulomb-14        LJ (SR)   Coulomb (SR)   Coul. recip. Position Rest.
    3.18390e+04    9.30872e+04   -1.11746e+06    3.39333e+03    1.17131e+03
      Potential    Kinetic En.   Total Energy  Conserved En.    Temperature
   -9.66095e+05    1.75568e+05   -7.90527e+05   -9.60366e+05    2.98925e+02
 Pressure (bar)   Constr. rmsd
   -3.83706e+02    3.04273e-05

Writing checkpoint, step 17075 at Mon Mar 12 11:09:43 2018


DD  step 17499 load imb.: force  1.9%

           Step           Time
          17500       35.00000

   Energies (kJ/mol)
            U-B    Proper Dih.  Improper Dih.      CMAP Dih.          LJ-14
    8.46490e+03    9.94579e+03    5.34341e+02   -2.61012e+02    3.44891e+03
     Coulomb-14        LJ (SR)   Coulomb (SR)   Coul. recip. Position Rest.
    3.20301e+04    9.34640e+04   -1.11633e+06    3.39224e+03    1.07640e+03
      Potential    Kinetic En.   Total Energy  Conserved En.    Temperature
   -9.64236e+05    1.75945e+05   -7.88291e+05   -9.60401e+05    2.99566e+02
 Pressure (bar)   Constr. rmsd
   -4.65487e+02    3.07837e-05

DD  step 17999 load imb.: force  2.6%

           Step           Time
          18000       36.00000

   Energies (kJ/mol)
            U-B    Proper Dih.  Improper Dih.      CMAP Dih.          LJ-14
    8.12733e+03    9.98182e+03    5.66000e+02   -2.75076e+02    3.38415e+03
     Coulomb-14        LJ (SR)   Coulomb (SR)   Coul. recip. Position Rest.
    3.20511e+04    9.30579e+04   -1.11742e+06    3.36635e+03    1.06351e+03
      Potential    Kinetic En.   Total Energy  Conserved En.    Temperature
   -9.66095e+05    1.76415e+05   -7.89680e+05   -9.60463e+05    3.00365e+02
 Pressure (bar)   Constr. rmsd
   -5.39254e+02    3.07185e-05

DD  step 18499 load imb.: force  1.9%

           Step           Time
          18500       37.00000

   Energies (kJ/mol)
            U-B    Proper Dih.  Improper Dih.      CMAP Dih.          LJ-14
    7.97617e+03    1.00228e+04    5.28574e+02   -2.72633e+02    3.40316e+03
     Coulomb-14        LJ (SR)   Coulomb (SR)   Coul. recip. Position Rest.
    3.19153e+04    9.35953e+04   -1.11733e+06    3.43493e+03    1.16952e+03
      Potential    Kinetic En.   Total Energy  Conserved En.    Temperature
   -9.65558e+05    1.75582e+05   -7.89976e+05   -9.60501e+05    2.98947e+02
 Pressure (bar)   Constr. rmsd
   -6.66438e+02    3.17196e-05

DD  step 18999 load imb.: force  3.3%

           Step           Time
          19000       38.00000

   Energies (kJ/mol)
            U-B    Proper Dih.  Improper Dih.      CMAP Dih.          LJ-14
    8.21991e+03    1.00313e+04    5.04629e+02   -2.98294e+02    3.36714e+03
     Coulomb-14        LJ (SR)   Coulomb (SR)   Coul. recip. Position Rest.
    3.20234e+04    9.35966e+04   -1.11709e+06    3.36699e+03    1.09255e+03
      Potential    Kinetic En.   Total Energy  Conserved En.    Temperature
   -9.65181e+05    1.76159e+05   -7.89023e+05   -9.60531e+05    2.99929e+02
 Pressure (bar)   Constr. rmsd
   -6.01688e+02    3.21716e-05

DD  step 19499 load imb.: force  2.5%

           Step           Time
          19500       39.00000

   Energies (kJ/mol)
            U-B    Proper Dih.  Improper Dih.      CMAP Dih.          LJ-14
    8.58165e+03    1.00197e+04    5.30161e+02   -2.32640e+02    3.35391e+03
     Coulomb-14        LJ (SR)   Coulomb (SR)   Coul. recip. Position Rest.
    3.15609e+04    9.44034e+04   -1.11817e+06    3.40641e+03    1.10923e+03
      Potential    Kinetic En.   Total Energy  Conserved En.    Temperature
   -9.65437e+05    1.75265e+05   -7.90172e+05   -9.60554e+05    2.98407e+02
 Pressure (bar)   Constr. rmsd
   -7.31565e+02    3.07100e-05

DD  step 19999 load imb.: force  3.5%

           Step           Time
          20000       40.00000

   Energies (kJ/mol)
            U-B    Proper Dih.  Improper Dih.      CMAP Dih.          LJ-14
    8.42555e+03    1.00121e+04    5.62618e+02   -2.98901e+02    3.38834e+03
     Coulomb-14        LJ (SR)   Coulomb (SR)   Coul. recip. Position Rest.
    3.19783e+04    9.27819e+04   -1.11498e+06    3.41342e+03    1.18582e+03
      Potential    Kinetic En.   Total Energy  Conserved En.    Temperature
   -9.63528e+05    1.76284e+05   -7.87244e+05   -9.60587e+05    3.00142e+02
 Pressure (bar)   Constr. rmsd
   -5.69597e+02    3.23178e-05

DD  step 20499 load imb.: force  2.8%

           Step           Time
          20500       41.00000

   Energies (kJ/mol)
            U-B    Proper Dih.  Improper Dih.      CMAP Dih.          LJ-14
    8.28648e+03    9.96263e+03    5.40688e+02   -2.87962e+02    3.30620e+03
     Coulomb-14        LJ (SR)   Coulomb (SR)   Coul. recip. Position Rest.
    3.18345e+04    9.26347e+04   -1.11676e+06    3.35934e+03    1.15314e+03
      Potential    Kinetic En.   Total Energy  Conserved En.    Temperature
   -9.65970e+05    1.75373e+05   -7.90597e+05   -9.60630e+05    2.98592e+02
 Pressure (bar)   Constr. rmsd
   -7.18549e+02    3.18867e-05

DD  step 20999 load imb.: force  4.7%

           Step           Time
          21000       42.00000

   Energies (kJ/mol)
            U-B    Proper Dih.  Improper Dih.      CMAP Dih.          LJ-14
    8.55673e+03    9.96090e+03    5.09566e+02   -2.71446e+02    3.39933e+03
     Coulomb-14        LJ (SR)   Coulomb (SR)   Coul. recip. Position Rest.
    3.18386e+04    9.16540e+04   -1.11483e+06    3.34264e+03    1.16011e+03
      Potential    Kinetic En.   Total Energy  Conserved En.    Temperature
   -9.64678e+05    1.77290e+05   -7.87389e+05   -9.60675e+05    3.01855e+02
 Pressure (bar)   Constr. rmsd
   -6.57500e+02    3.28262e-05

DD  step 21499 load imb.: force  3.2%

           Step           Time
          21500       43.00000

   Energies (kJ/mol)
            U-B    Proper Dih.  Improper Dih.      CMAP Dih.          LJ-14
    8.22552e+03    1.01051e+04    5.22495e+02   -3.15369e+02    3.49877e+03
     Coulomb-14        LJ (SR)   Coulomb (SR)   Coul. recip. Position Rest.
    3.18716e+04    9.32195e+04   -1.11687e+06    3.39503e+03    1.18393e+03
      Potential    Kinetic En.   Total Energy  Conserved En.    Temperature
   -9.65163e+05    1.76885e+05   -7.88278e+05   -9.60722e+05    3.01166e+02
 Pressure (bar)   Constr. rmsd
   -4.76620e+02    3.13784e-05

DD  step 21999 load imb.: force  3.0%

           Step           Time
          22000       44.00000

   Energies (kJ/mol)
            U-B    Proper Dih.  Improper Dih.      CMAP Dih.          LJ-14
    8.19870e+03    9.96425e+03    5.15068e+02   -2.87015e+02    3.44455e+03
     Coulomb-14        LJ (SR)   Coulomb (SR)   Coul. recip. Position Rest.
    3.17415e+04    9.13433e+04   -1.11459e+06    3.49545e+03    1.14306e+03
      Potential    Kinetic En.   Total Energy  Conserved En.    Temperature
   -9.65035e+05    1.75019e+05   -7.90016e+05   -9.60753e+05    2.97989e+02
 Pressure (bar)   Constr. rmsd
   -1.01936e+03    3.13309e-05

DD  step 22499 load imb.: force  3.0%


step 22500 Turning on dynamic load balancing, because the performance loss due to load imbalance is 2.1 %.

           Step           Time
          22500       45.00000

   Energies (kJ/mol)
            U-B    Proper Dih.  Improper Dih.      CMAP Dih.          LJ-14
    8.46889e+03    1.00163e+04    4.97073e+02   -2.69221e+02    3.36366e+03
     Coulomb-14        LJ (SR)   Coulomb (SR)   Coul. recip. Position Rest.
    3.18126e+04    9.23438e+04   -1.11603e+06    3.39791e+03    1.19487e+03
      Potential    Kinetic En.   Total Energy  Conserved En.    Temperature
   -9.65203e+05    1.74633e+05   -7.90570e+05   -9.60791e+05    2.97332e+02
 Pressure (bar)   Constr. rmsd
   -6.18976e+02    3.24774e-05

DD  step 22999  vol min/aver 0.965  load imb.: force  0.9%


step 23000 Turning off dynamic load balancing, because it is degrading performance.

Atom distribution over 4 domains: av 17654 stddev 150 min 17491 max 17830
           Step           Time
          23000       46.00000

   Energies (kJ/mol)
            U-B    Proper Dih.  Improper Dih.      CMAP Dih.          LJ-14
    8.46483e+03    1.00730e+04    5.15484e+02   -3.59312e+02    3.44020e+03
     Coulomb-14        LJ (SR)   Coulomb (SR)   Coul. recip. Position Rest.
    3.15105e+04    9.25628e+04   -1.11530e+06    3.37563e+03    1.17739e+03
      Potential    Kinetic En.   Total Energy  Conserved En.    Temperature
   -9.64535e+05    1.76832e+05   -7.87703e+05   -9.60843e+05    3.01075e+02
 Pressure (bar)   Constr. rmsd
   -7.28364e+02    3.10772e-05

DD  step 23499 load imb.: force  1.6%

           Step           Time
          23500       47.00000

   Energies (kJ/mol)
            U-B    Proper Dih.  Improper Dih.      CMAP Dih.          LJ-14
    8.03134e+03    9.94470e+03    4.92951e+02   -3.06395e+02    3.35296e+03
     Coulomb-14        LJ (SR)   Coulomb (SR)   Coul. recip. Position Rest.
    3.21806e+04    9.47666e+04   -1.11815e+06    3.46723e+03    1.22700e+03
      Potential    Kinetic En.   Total Energy  Conserved En.    Temperature
   -9.64997e+05    1.74443e+05   -7.90554e+05   -9.60876e+05    2.97008e+02
 Pressure (bar)   Constr. rmsd
   -5.43435e+02    3.03346e-05

DD  step 23999 load imb.: force  3.1%

           Step           Time
          24000       48.00000

   Energies (kJ/mol)
            U-B    Proper Dih.  Improper Dih.      CMAP Dih.          LJ-14
    8.58481e+03    1.00049e+04    5.14516e+02   -3.06521e+02    3.35005e+03
     Coulomb-14        LJ (SR)   Coulomb (SR)   Coul. recip. Position Rest.
    3.16138e+04    9.25591e+04   -1.11513e+06    3.37745e+03    1.26458e+03
      Potential    Kinetic En.   Total Energy  Conserved En.    Temperature
   -9.64168e+05    1.76447e+05   -7.87721e+05   -9.60900e+05    3.00420e+02
 Pressure (bar)   Constr. rmsd
   -4.93355e+02    3.17087e-05

DD  step 24499 load imb.: force  1.9%

           Step           Time
          24500       49.00000

   Energies (kJ/mol)
            U-B    Proper Dih.  Improper Dih.      CMAP Dih.          LJ-14
    8.35500e+03    1.00045e+04    5.18892e+02   -2.67667e+02    3.32133e+03
     Coulomb-14        LJ (SR)   Coulomb (SR)   Coul. recip. Position Rest.
    3.20532e+04    9.29868e+04   -1.11656e+06    3.43465e+03    1.11827e+03
      Potential    Kinetic En.   Total Energy  Conserved En.    Temperature
   -9.65035e+05    1.76059e+05   -7.88976e+05   -9.60935e+05    2.99759e+02
 Pressure (bar)   Constr. rmsd
   -5.42313e+02    3.23230e-05

DD  step 24999 load imb.: force  2.0%


step 25000 Turning on dynamic load balancing, because the performance loss due to load imbalance is 2.1 %.

           Step           Time
          25000       50.00000

   Energies (kJ/mol)
            U-B    Proper Dih.  Improper Dih.      CMAP Dih.          LJ-14
    8.52604e+03    9.99010e+03    5.20036e+02   -2.69370e+02    3.38188e+03
     Coulomb-14        LJ (SR)   Coulomb (SR)   Coul. recip. Position Rest.
    3.19578e+04    9.34752e+04   -1.11742e+06    3.50141e+03    1.20996e+03
      Potential    Kinetic En.   Total Energy  Conserved En.    Temperature
   -9.65132e+05    1.77932e+05   -7.87200e+05   -9.60983e+05    3.02949e+02
 Pressure (bar)   Constr. rmsd
   -5.55190e+02    3.13575e-05

DD  step 25499  vol min/aver 0.968  load imb.: force  0.9%

           Step           Time
          25500       51.00000

   Energies (kJ/mol)
            U-B    Proper Dih.  Improper Dih.      CMAP Dih.          LJ-14
    8.55312e+03    9.88158e+03    5.47115e+02   -2.82460e+02    3.30406e+03
     Coulomb-14        LJ (SR)   Coulomb (SR)   Coul. recip. Position Rest.
    3.17624e+04    9.29894e+04   -1.11629e+06    3.45187e+03    1.21906e+03
      Potential    Kinetic En.   Total Energy  Conserved En.    Temperature
   -9.64860e+05    1.75382e+05   -7.89478e+05   -9.61009e+05    2.98607e+02
 Pressure (bar)   Constr. rmsd
   -5.93373e+02    3.10889e-05

DD  step 25999  vol min/aver 0.974  load imb.: force  1.2%

           Step           Time
          26000       52.00000

   Energies (kJ/mol)
            U-B    Proper Dih.  Improper Dih.      CMAP Dih.          LJ-14
    8.02173e+03    1.00391e+04    5.58616e+02   -2.73037e+02    3.37694e+03
     Coulomb-14        LJ (SR)   Coulomb (SR)   Coul. recip. Position Rest.
    3.17616e+04    9.18791e+04   -1.11562e+06    3.40721e+03    1.20290e+03
      Potential    Kinetic En.   Total Energy  Conserved En.    Temperature
   -9.65641e+05    1.76902e+05   -7.88739e+05   -9.61083e+05    3.01195e+02
 Pressure (bar)   Constr. rmsd
   -7.47404e+02    3.22981e-05

DD  step 26499  vol min/aver 0.976  load imb.: force  1.7%

           Step           Time
          26500       53.00000

   Energies (kJ/mol)
            U-B    Proper Dih.  Improper Dih.      CMAP Dih.          LJ-14
    8.23127e+03    9.98811e+03    5.86560e+02   -2.51235e+02    3.45732e+03
     Coulomb-14        LJ (SR)   Coulomb (SR)   Coul. recip. Position Rest.
    3.16070e+04    9.30095e+04   -1.11539e+06    3.36081e+03    1.24170e+03
      Potential    Kinetic En.   Total Energy  Conserved En.    Temperature
   -9.64155e+05    1.76572e+05   -7.87583e+05   -9.61113e+05    3.00634e+02
 Pressure (bar)   Constr. rmsd
   -6.60128e+02    3.06181e-05

DD  step 26999  vol min/aver 0.972  load imb.: force  0.4%

           Step           Time
          27000       54.00000

   Energies (kJ/mol)
            U-B    Proper Dih.  Improper Dih.      CMAP Dih.          LJ-14
    8.11123e+03    9.97867e+03    5.68586e+02   -2.96135e+02    3.37660e+03
     Coulomb-14        LJ (SR)   Coulomb (SR)   Coul. recip. Position Rest.
    3.18451e+04    9.22496e+04   -1.11605e+06    3.29853e+03    1.20745e+03
      Potential    Kinetic En.   Total Energy  Conserved En.    Temperature
   -9.65714e+05    1.75820e+05   -7.89894e+05   -9.61143e+05    2.99352e+02
 Pressure (bar)   Constr. rmsd
   -6.10606e+02    2.94730e-05

DD  step 27499  vol min/aver 0.973  load imb.: force  1.2%

           Step           Time
          27500       55.00000

   Energies (kJ/mol)
            U-B    Proper Dih.  Improper Dih.      CMAP Dih.          LJ-14
    8.52114e+03    1.01433e+04    5.44153e+02   -2.71980e+02    3.34124e+03
     Coulomb-14        LJ (SR)   Coulomb (SR)   Coul. recip. Position Rest.
    3.16634e+04    9.27555e+04   -1.11665e+06    3.35176e+03    1.25088e+03
      Potential    Kinetic En.   Total Energy  Conserved En.    Temperature
   -9.65354e+05    1.77112e+05   -7.88242e+05   -9.61182e+05    3.01553e+02
 Pressure (bar)   Constr. rmsd
   -5.00582e+02    3.14099e-05

DD  step 27999  vol min/aver 0.980  load imb.: force  1.2%

           Step           Time
          28000       56.00000

   Energies (kJ/mol)
            U-B    Proper Dih.  Improper Dih.      CMAP Dih.          LJ-14
    8.48164e+03    9.97435e+03    5.32519e+02   -2.61570e+02    3.36546e+03
     Coulomb-14        LJ (SR)   Coulomb (SR)   Coul. recip. Position Rest.
    3.18806e+04    9.50058e+04   -1.12048e+06    3.46387e+03    1.25182e+03
      Potential    Kinetic En.   Total Energy  Conserved En.    Temperature
   -9.66783e+05    1.77631e+05   -7.89152e+05   -9.61204e+05    3.02436e+02
 Pressure (bar)   Constr. rmsd
   -3.64980e+02    3.10597e-05

DD  step 28499  vol min/aver 0.982  load imb.: force  1.1%

           Step           Time
          28500       57.00000

   Energies (kJ/mol)
            U-B    Proper Dih.  Improper Dih.      CMAP Dih.          LJ-14
    8.42290e+03    1.00167e+04    5.08920e+02   -2.83391e+02    3.36143e+03
     Coulomb-14        LJ (SR)   Coulomb (SR)   Coul. recip. Position Rest.
    3.18346e+04    9.25538e+04   -1.11682e+06    3.41727e+03    1.22618e+03
      Potential    Kinetic En.   Total Energy  Conserved En.    Temperature
   -9.65759e+05    1.76691e+05   -7.89068e+05   -9.61266e+05    3.00836e+02
 Pressure (bar)   Constr. rmsd
   -6.13014e+02    3.07377e-05

DD  step 28999  vol min/aver 0.984  load imb.: force  0.9%

           Step           Time
          29000       58.00000

   Energies (kJ/mol)
            U-B    Proper Dih.  Improper Dih.      CMAP Dih.          LJ-14
    8.33018e+03    1.00058e+04    5.47555e+02   -2.92944e+02    3.31348e+03
     Coulomb-14        LJ (SR)   Coulomb (SR)   Coul. recip. Position Rest.
    3.18460e+04    9.37046e+04   -1.11739e+06    3.44951e+03    1.35472e+03
      Potential    Kinetic En.   Total Energy  Conserved En.    Temperature
   -9.65127e+05    1.76199e+05   -7.88928e+05   -9.61304e+05    2.99998e+02
 Pressure (bar)   Constr. rmsd
   -5.14653e+02    3.16095e-05

DD  step 29499  vol min/aver 0.952  load imb.: force  0.7%

           Step           Time
          29500       59.00000

   Energies (kJ/mol)
            U-B    Proper Dih.  Improper Dih.      CMAP Dih.          LJ-14
    8.43601e+03    9.90693e+03    5.00422e+02   -3.03238e+02    3.32206e+03
     Coulomb-14        LJ (SR)   Coulomb (SR)   Coul. recip. Position Rest.
    3.17837e+04    9.20295e+04   -1.11523e+06    3.45841e+03    1.28274e+03
      Potential    Kinetic En.   Total Energy  Conserved En.    Temperature
   -9.64809e+05    1.77120e+05   -7.87689e+05   -9.61353e+05    3.01566e+02
 Pressure (bar)   Constr. rmsd
   -6.88194e+02    3.12213e-05

DD  step 29999  vol min/aver 0.978  load imb.: force  5.3%

           Step           Time
          30000       60.00000

   Energies (kJ/mol)
            U-B    Proper Dih.  Improper Dih.      CMAP Dih.          LJ-14
    8.27864e+03    1.00749e+04    5.36556e+02   -3.00658e+02    3.34613e+03
     Coulomb-14        LJ (SR)   Coulomb (SR)   Coul. recip. Position Rest.
    3.16997e+04    9.39570e+04   -1.11674e+06    3.46675e+03    1.21276e+03
      Potential    Kinetic En.   Total Energy  Conserved En.    Temperature
   -9.64466e+05    1.76828e+05   -7.87638e+05   -9.61369e+05    3.01070e+02
 Pressure (bar)   Constr. rmsd
   -7.33028e+02    3.12909e-05

DD  step 30499  vol min/aver 0.983  load imb.: force  1.7%

           Step           Time
          30500       61.00000

   Energies (kJ/mol)
            U-B    Proper Dih.  Improper Dih.      CMAP Dih.          LJ-14
    8.49619e+03    1.00817e+04    5.76919e+02   -3.04337e+02    3.37553e+03
     Coulomb-14        LJ (SR)   Coulomb (SR)   Coul. recip. Position Rest.
    3.19349e+04    9.25714e+04   -1.11543e+06    3.44246e+03    1.20053e+03
      Potential    Kinetic En.   Total Energy  Conserved En.    Temperature
   -9.64056e+05    1.77335e+05   -7.86721e+05   -9.61413e+05    3.01932e+02
 Pressure (bar)   Constr. rmsd
   -4.76553e+02    3.15677e-05

DD  step 30999  vol min/aver 0.959  load imb.: force  3.0%

           Step           Time
          31000       62.00000

   Energies (kJ/mol)
            U-B    Proper Dih.  Improper Dih.      CMAP Dih.          LJ-14
    8.56148e+03    9.98078e+03    4.95177e+02   -2.70957e+02    3.31355e+03
     Coulomb-14        LJ (SR)   Coulomb (SR)   Coul. recip. Position Rest.
    3.14275e+04    9.33099e+04   -1.11512e+06    3.47237e+03    1.23666e+03
      Potential    Kinetic En.   Total Energy  Conserved En.    Temperature
   -9.63589e+05    1.76380e+05   -7.87210e+05   -9.61459e+05    3.00306e+02
 Pressure (bar)   Constr. rmsd
   -3.39918e+02    3.24479e-05

DD  step 31499  vol min/aver 0.971  load imb.: force  1.8%

           Step           Time
          31500       63.00000

   Energies (kJ/mol)
            U-B    Proper Dih.  Improper Dih.      CMAP Dih.          LJ-14
    8.28460e+03    9.92607e+03    5.09341e+02   -3.03686e+02    3.28785e+03
     Coulomb-14        LJ (SR)   Coulomb (SR)   Coul. recip. Position Rest.
    3.19245e+04    9.19038e+04   -1.11490e+06    3.38156e+03    1.20056e+03
      Potential    Kinetic En.   Total Energy  Conserved En.    Temperature
   -9.64786e+05    1.75676e+05   -7.89110e+05   -9.61504e+05    2.99108e+02
 Pressure (bar)   Constr. rmsd
   -7.05136e+02    3.02335e-05

DD  step 31999  vol min/aver 0.986  load imb.: force  1.3%

           Step           Time
          32000       64.00000

   Energies (kJ/mol)
            U-B    Proper Dih.  Improper Dih.      CMAP Dih.          LJ-14
    8.28140e+03    9.91924e+03    4.30354e+02   -3.03185e+02    3.36472e+03
     Coulomb-14        LJ (SR)   Coulomb (SR)   Coul. recip. Position Rest.
    3.18201e+04    9.24090e+04   -1.11732e+06    3.41090e+03    1.18472e+03
      Potential    Kinetic En.   Total Energy  Conserved En.    Temperature
   -9.66803e+05    1.76135e+05   -7.90668e+05   -9.61525e+05    2.99890e+02
 Pressure (bar)   Constr. rmsd
   -7.46589e+02    3.07871e-05

DD  step 32499  vol min/aver 0.985  load imb.: force  0.6%

           Step           Time
          32500       65.00000

   Energies (kJ/mol)
            U-B    Proper Dih.  Improper Dih.      CMAP Dih.          LJ-14
    8.49745e+03    9.90337e+03    5.79796e+02   -3.07336e+02    3.32292e+03
     Coulomb-14        LJ (SR)   Coulomb (SR)   Coul. recip. Position Rest.
    3.21767e+04    9.27310e+04   -1.11653e+06    3.44284e+03    1.23841e+03
      Potential    Kinetic En.   Total Energy  Conserved En.    Temperature
   -9.64943e+05    1.76247e+05   -7.88696e+05   -9.61536e+05    3.00080e+02
 Pressure (bar)   Constr. rmsd
   -5.61411e+02    2.95391e-05

DD  step 32999  vol min/aver 0.983  load imb.: force  1.3%

           Step           Time
          33000       66.00000

   Energies (kJ/mol)
            U-B    Proper Dih.  Improper Dih.      CMAP Dih.          LJ-14
    8.44822e+03    9.94448e+03    4.93070e+02   -3.18585e+02    3.28915e+03
     Coulomb-14        LJ (SR)   Coulomb (SR)   Coul. recip. Position Rest.
    3.17120e+04    9.25934e+04   -1.11563e+06    3.43369e+03    1.29227e+03
      Potential    Kinetic En.   Total Energy  Conserved En.    Temperature
   -9.64745e+05    1.75791e+05   -7.88954e+05   -9.61589e+05    2.99303e+02
 Pressure (bar)   Constr. rmsd
   -7.77823e+02    3.32516e-05

DD  step 33499  vol min/aver 0.977  load imb.: force  1.0%

           Step           Time
          33500       67.00000

   Energies (kJ/mol)
            U-B    Proper Dih.  Improper Dih.      CMAP Dih.          LJ-14
    8.71125e+03    1.00055e+04    5.08428e+02   -2.79010e+02    3.31575e+03
     Coulomb-14        LJ (SR)   Coulomb (SR)   Coul. recip. Position Rest.
    3.17096e+04    9.37176e+04   -1.11450e+06    3.50519e+03    1.33709e+03
      Potential    Kinetic En.   Total Energy  Conserved En.    Temperature
   -9.61970e+05    1.76629e+05   -7.85342e+05   -9.61645e+05    3.00730e+02
 Pressure (bar)   Constr. rmsd
   -4.54032e+02    3.17888e-05

Writing checkpoint, step 33875 at Mon Mar 12 11:24:43 2018


DD  step 33999  vol min/aver 0.982  load imb.: force  0.4%

           Step           Time
          34000       68.00000

   Energies (kJ/mol)
            U-B    Proper Dih.  Improper Dih.      CMAP Dih.          LJ-14
    8.22768e+03    1.00526e+04    5.04314e+02   -3.13856e+02    3.38797e+03
     Coulomb-14        LJ (SR)   Coulomb (SR)   Coul. recip. Position Rest.
    3.18952e+04    9.36224e+04   -1.11655e+06    3.41110e+03    1.22115e+03
      Potential    Kinetic En.   Total Energy  Conserved En.    Temperature
   -9.64544e+05    1.74989e+05   -7.89555e+05   -9.61656e+05    2.97937e+02
 Pressure (bar)   Constr. rmsd
   -5.30633e+02    2.93346e-05

DD  step 34499  vol min/aver 0.974  load imb.: force  1.6%

           Step           Time
          34500       69.00000

   Energies (kJ/mol)
            U-B    Proper Dih.  Improper Dih.      CMAP Dih.          LJ-14
    8.34174e+03    9.92993e+03    4.83787e+02   -2.83422e+02    3.38575e+03
     Coulomb-14        LJ (SR)   Coulomb (SR)   Coul. recip. Position Rest.
    3.16347e+04    9.38039e+04   -1.11778e+06    3.38984e+03    1.14471e+03
      Potential    Kinetic En.   Total Energy  Conserved En.    Temperature
   -9.65950e+05    1.76133e+05   -7.89818e+05   -9.61709e+05    2.99885e+02
 Pressure (bar)   Constr. rmsd
   -5.01579e+02    2.97562e-05

DD  step 34999  vol min/aver 0.975  load imb.: force  0.7%

           Step           Time
          35000       70.00000

   Energies (kJ/mol)
            U-B    Proper Dih.  Improper Dih.      CMAP Dih.          LJ-14
    7.95975e+03    9.92720e+03    5.44885e+02   -2.95124e+02    3.42229e+03
     Coulomb-14        LJ (SR)   Coulomb (SR)   Coul. recip. Position Rest.
    3.20499e+04    9.30026e+04   -1.11612e+06    3.55406e+03    1.22612e+03
      Potential    Kinetic En.   Total Energy  Conserved En.    Temperature
   -9.64732e+05    1.76417e+05   -7.88316e+05   -9.61763e+05    3.00369e+02
 Pressure (bar)   Constr. rmsd
   -5.15915e+02    3.17167e-05

DD  step 35499  vol min/aver 0.967  load imb.: force  1.4%

           Step           Time
          35500       71.00000

   Energies (kJ/mol)
            U-B    Proper Dih.  Improper Dih.      CMAP Dih.          LJ-14
    8.53256e+03    9.89781e+03    5.71320e+02   -3.18049e+02    3.35833e+03
     Coulomb-14        LJ (SR)   Coulomb (SR)   Coul. recip. Position Rest.
    3.18860e+04    9.24506e+04   -1.11521e+06    3.45663e+03    1.34897e+03
      Potential    Kinetic En.   Total Energy  Conserved En.    Temperature
   -9.64024e+05    1.76447e+05   -7.87576e+05   -9.61770e+05    3.00420e+02
 Pressure (bar)   Constr. rmsd
   -7.08662e+02    3.06823e-05

DD  step 35999  vol min/aver 0.971  load imb.: force  0.4%

           Step           Time
          36000       72.00000

   Energies (kJ/mol)
            U-B    Proper Dih.  Improper Dih.      CMAP Dih.          LJ-14
    8.14218e+03    1.00007e+04    5.05588e+02   -3.17523e+02    3.42817e+03
     Coulomb-14        LJ (SR)   Coulomb (SR)   Coul. recip. Position Rest.
    3.22091e+04    9.35828e+04   -1.11628e+06    3.45664e+03    1.23964e+03
      Potential    Kinetic En.   Total Energy  Conserved En.    Temperature
   -9.64029e+05    1.76816e+05   -7.87213e+05   -9.61823e+05    3.01048e+02
 Pressure (bar)   Constr. rmsd
   -2.67873e+02    2.93675e-05

DD  step 36499  vol min/aver 0.976  load imb.: force  0.9%

           Step           Time
          36500       73.00000

   Energies (kJ/mol)
            U-B    Proper Dih.  Improper Dih.      CMAP Dih.          LJ-14
    8.37861e+03    9.97159e+03    4.75113e+02   -2.79737e+02    3.31075e+03
     Coulomb-14        LJ (SR)   Coulomb (SR)   Coul. recip. Position Rest.
    3.17544e+04    9.25388e+04   -1.11599e+06    3.46103e+03    1.29687e+03
      Potential    Kinetic En.   Total Energy  Conserved En.    Temperature
   -9.65079e+05    1.75852e+05   -7.89227e+05   -9.61863e+05    2.99408e+02
 Pressure (bar)   Constr. rmsd
   -7.61173e+02    3.02781e-05

DD  step 36999  vol min/aver 0.983  load imb.: force  1.2%

           Step           Time
          37000       74.00000

   Energies (kJ/mol)
            U-B    Proper Dih.  Improper Dih.      CMAP Dih.          LJ-14
    8.51459e+03    9.94818e+03    5.07826e+02   -2.75009e+02    3.28294e+03
     Coulomb-14        LJ (SR)   Coulomb (SR)   Coul. recip. Position Rest.
    3.17030e+04    9.26262e+04   -1.11565e+06    3.38845e+03    1.19250e+03
      Potential    Kinetic En.   Total Energy  Conserved En.    Temperature
   -9.64757e+05    1.75953e+05   -7.88804e+05   -9.61891e+05    2.99579e+02
 Pressure (bar)   Constr. rmsd
   -9.57586e+02    3.26959e-05

DD  step 37499  vol min/aver 0.961  load imb.: force  2.3%

           Step           Time
          37500       75.00000

   Energies (kJ/mol)
            U-B    Proper Dih.  Improper Dih.      CMAP Dih.          LJ-14
    8.17929e+03    9.97549e+03    4.91027e+02   -2.81896e+02    3.39842e+03
     Coulomb-14        LJ (SR)   Coulomb (SR)   Coul. recip. Position Rest.
    3.20197e+04    9.47357e+04   -1.11877e+06    3.49802e+03    1.26466e+03
      Potential    Kinetic En.   Total Energy  Conserved En.    Temperature
   -9.65486e+05    1.74956e+05   -7.90530e+05   -9.61902e+05    2.97881e+02
 Pressure (bar)   Constr. rmsd
   -5.65833e+02    3.04693e-05

DD  step 37999  vol min/aver 0.974  load imb.: force  1.7%

           Step           Time
          38000       76.00000

   Energies (kJ/mol)
            U-B    Proper Dih.  Improper Dih.      CMAP Dih.          LJ-14
    8.44291e+03    9.86477e+03    5.15835e+02   -2.82141e+02    3.34200e+03
     Coulomb-14        LJ (SR)   Coulomb (SR)   Coul. recip. Position Rest.
    3.19807e+04    9.38259e+04   -1.11642e+06    3.50917e+03    1.17645e+03
      Potential    Kinetic En.   Total Energy  Conserved En.    Temperature
   -9.64049e+05    1.76064e+05   -7.87985e+05   -9.61980e+05    2.99768e+02
 Pressure (bar)   Constr. rmsd
   -4.59775e+02    3.11977e-05

DD  step 38499  vol min/aver 0.976  load imb.: force  2.9%

           Step           Time
          38500       77.00000

   Energies (kJ/mol)
            U-B    Proper Dih.  Improper Dih.      CMAP Dih.          LJ-14
    8.26867e+03    1.00635e+04    4.88031e+02   -3.02313e+02    3.28580e+03
     Coulomb-14        LJ (SR)   Coulomb (SR)   Coul. recip. Position Rest.
    3.15042e+04    9.20885e+04   -1.11520e+06    3.41271e+03    1.20843e+03
      Potential    Kinetic En.   Total Energy  Conserved En.    Temperature
   -9.65181e+05    1.76014e+05   -7.89167e+05   -9.62024e+05    2.99684e+02
 Pressure (bar)   Constr. rmsd
   -7.16029e+02    3.24255e-05

DD  step 38999  vol min/aver 0.977  load imb.: force  0.8%

           Step           Time
          39000       78.00000

   Energies (kJ/mol)
            U-B    Proper Dih.  Improper Dih.      CMAP Dih.          LJ-14
    8.31343e+03    9.84488e+03    5.08989e+02   -2.22098e+02    3.37936e+03
     Coulomb-14        LJ (SR)   Coulomb (SR)   Coul. recip. Position Rest.
    3.18064e+04    9.31958e+04   -1.11559e+06    3.40327e+03    1.30306e+03
      Potential    Kinetic En.   Total Energy  Conserved En.    Temperature
   -9.64055e+05    1.76065e+05   -7.87990e+05   -9.62050e+05    2.99769e+02
 Pressure (bar)   Constr. rmsd
   -6.24818e+02    3.38682e-05

DD  step 39499  vol min/aver 0.986  load imb.: force  0.4%

           Step           Time
          39500       79.00000

   Energies (kJ/mol)
            U-B    Proper Dih.  Improper Dih.      CMAP Dih.          LJ-14
    8.51206e+03    9.93700e+03    4.65479e+02   -2.42216e+02    3.39175e+03
     Coulomb-14        LJ (SR)   Coulomb (SR)   Coul. recip. Position Rest.
    3.15450e+04    9.32826e+04   -1.11624e+06    3.48314e+03    1.18000e+03
      Potential    Kinetic En.   Total Energy  Conserved En.    Temperature
   -9.64683e+05    1.76954e+05   -7.87729e+05   -9.62102e+05    3.01283e+02
 Pressure (bar)   Constr. rmsd
   -3.87760e+02    3.17131e-05

DD  step 39999  vol min/aver 0.971  load imb.: force  5.2%

           Step           Time
          40000       80.00000

   Energies (kJ/mol)
            U-B    Proper Dih.  Improper Dih.      CMAP Dih.          LJ-14
    8.34271e+03    9.97663e+03    4.97498e+02   -2.50744e+02    3.38412e+03
     Coulomb-14        LJ (SR)   Coulomb (SR)   Coul. recip. Position Rest.
    3.16160e+04    9.29667e+04   -1.11581e+06    3.48149e+03    1.23512e+03
      Potential    Kinetic En.   Total Energy  Conserved En.    Temperature
   -9.64562e+05    1.75897e+05   -7.88664e+05   -9.62120e+05    2.99485e+02
 Pressure (bar)   Constr. rmsd
   -6.75331e+02    2.91615e-05

DD  step 40499  vol min/aver 0.968  load imb.: force  1.2%

           Step           Time
          40500       81.00000

   Energies (kJ/mol)
            U-B    Proper Dih.  Improper Dih.      CMAP Dih.          LJ-14
    8.22525e+03    1.00781e+04    5.14780e+02   -2.35241e+02    3.35127e+03
     Coulomb-14        LJ (SR)   Coulomb (SR)   Coul. recip. Position Rest.
    3.18338e+04    9.37931e+04   -1.11782e+06    3.41969e+03    1.15780e+03
      Potential    Kinetic En.   Total Energy  Conserved En.    Temperature
   -9.65677e+05    1.75647e+05   -7.90030e+05   -9.62148e+05    2.99059e+02
 Pressure (bar)   Constr. rmsd
   -3.75031e+02    3.18565e-05

DD  step 40999  vol min/aver 0.971  load imb.: force  2.7%

           Step           Time
          41000       82.00000

   Energies (kJ/mol)
            U-B    Proper Dih.  Improper Dih.      CMAP Dih.          LJ-14
    8.50161e+03    9.95883e+03    4.42958e+02   -3.16357e+02    3.35122e+03
     Coulomb-14        LJ (SR)   Coulomb (SR)   Coul. recip. Position Rest.
    3.17030e+04    9.34031e+04   -1.11668e+06    3.46404e+03    1.15443e+03
      Potential    Kinetic En.   Total Energy  Conserved En.    Temperature
   -9.65020e+05    1.75949e+05   -7.89072e+05   -9.62191e+05    2.99572e+02
 Pressure (bar)   Constr. rmsd
   -7.27927e+02    3.25456e-05

DD  step 41499  vol min/aver 0.966  load imb.: force  1.8%

           Step           Time
          41500       83.00000

   Energies (kJ/mol)
            U-B    Proper Dih.  Improper Dih.      CMAP Dih.          LJ-14
    8.28070e+03    9.99554e+03    4.94676e+02   -3.07640e+02    3.41113e+03
     Coulomb-14        LJ (SR)   Coulomb (SR)   Coul. recip. Position Rest.
    3.19421e+04    9.27689e+04   -1.11726e+06    3.35757e+03    1.20413e+03
      Potential    Kinetic En.   Total Energy  Conserved En.    Temperature
   -9.66110e+05    1.76562e+05   -7.89549e+05   -9.62240e+05    3.00615e+02
 Pressure (bar)   Constr. rmsd
   -5.79084e+02    3.19332e-05

DD  step 41999  vol min/aver 0.973  load imb.: force  0.9%

           Step           Time
          42000       84.00000

   Energies (kJ/mol)
            U-B    Proper Dih.  Improper Dih.      CMAP Dih.          LJ-14
    8.43120e+03    9.96455e+03    5.52285e+02   -2.27796e+02    3.42841e+03
     Coulomb-14        LJ (SR)   Coulomb (SR)   Coul. recip. Position Rest.
    3.19135e+04    9.32203e+04   -1.11659e+06    3.44377e+03    1.19482e+03
      Potential    Kinetic En.   Total Energy  Conserved En.    Temperature
   -9.64669e+05    1.76957e+05   -7.87712e+05   -9.62269e+05    3.01289e+02
 Pressure (bar)   Constr. rmsd
   -6.17264e+02    3.22435e-05

DD  step 42499  vol min/aver 0.978  load imb.: force  1.6%

           Step           Time
          42500       85.00000

   Energies (kJ/mol)
            U-B    Proper Dih.  Improper Dih.      CMAP Dih.          LJ-14
    8.33177e+03    9.99629e+03    5.02679e+02   -2.59425e+02    3.29819e+03
     Coulomb-14        LJ (SR)   Coulomb (SR)   Coul. recip. Position Rest.
    3.18926e+04    9.31632e+04   -1.11589e+06    3.30528e+03    1.18268e+03
      Potential    Kinetic En.   Total Energy  Conserved En.    Temperature
   -9.64479e+05    1.75974e+05   -7.88505e+05   -9.62334e+05    2.99615e+02
 Pressure (bar)   Constr. rmsd
   -7.76573e+02    3.28185e-05

DD  step 42999  vol min/aver 0.964  load imb.: force  1.0%

           Step           Time
          43000       86.00000

   Energies (kJ/mol)
            U-B    Proper Dih.  Improper Dih.      CMAP Dih.          LJ-14
    8.51632e+03    9.97780e+03    5.19282e+02   -2.63740e+02    3.34513e+03
     Coulomb-14        LJ (SR)   Coulomb (SR)   Coul. recip. Position Rest.
    3.14903e+04    9.24059e+04   -1.11413e+06    3.35824e+03    1.22625e+03
      Potential    Kinetic En.   Total Energy  Conserved En.    Temperature
   -9.63558e+05    1.76684e+05   -7.86874e+05   -9.62357e+05    3.00823e+02
 Pressure (bar)   Constr. rmsd
   -7.50624e+02    3.26192e-05

DD  step 43499  vol min/aver 0.975  load imb.: force  1.8%

           Step           Time
          43500       87.00000

   Energies (kJ/mol)
            U-B    Proper Dih.  Improper Dih.      CMAP Dih.          LJ-14
    8.19515e+03    1.00777e+04    5.52184e+02   -2.69768e+02    3.43552e+03
     Coulomb-14        LJ (SR)   Coulomb (SR)   Coul. recip. Position Rest.
    3.18036e+04    9.14352e+04   -1.11348e+06    3.34143e+03    1.24741e+03
      Potential    Kinetic En.   Total Energy  Conserved En.    Temperature
   -9.63666e+05    1.76321e+05   -7.87344e+05   -9.62405e+05    3.00206e+02
 Pressure (bar)   Constr. rmsd
   -5.33631e+02    3.02074e-05

DD  step 43999  vol min/aver 0.977  load imb.: force  0.7%

           Step           Time
          44000       88.00000

   Energies (kJ/mol)
            U-B    Proper Dih.  Improper Dih.      CMAP Dih.          LJ-14
    8.17405e+03    9.96314e+03    5.49774e+02   -2.72329e+02    3.38539e+03
     Coulomb-14        LJ (SR)   Coulomb (SR)   Coul. recip. Position Rest.
    3.18869e+04    9.25015e+04   -1.11656e+06    3.35948e+03    1.23164e+03
      Potential    Kinetic En.   Total Energy  Conserved En.    Temperature
   -9.65778e+05    1.75248e+05   -7.90531e+05   -9.62431e+05    2.98378e+02
 Pressure (bar)   Constr. rmsd
   -5.68138e+02    2.99555e-05

DD  step 44499  vol min/aver 0.961  load imb.: force  2.5%

           Step           Time
          44500       89.00000

   Energies (kJ/mol)
            U-B    Proper Dih.  Improper Dih.      CMAP Dih.          LJ-14
    8.66171e+03    9.96372e+03    5.31595e+02   -3.18217e+02    3.29410e+03
     Coulomb-14        LJ (SR)   Coulomb (SR)   Coul. recip. Position Rest.
    3.18145e+04    9.22520e+04   -1.11540e+06    3.43929e+03    1.20351e+03
      Potential    Kinetic En.   Total Energy  Conserved En.    Temperature
   -9.64562e+05    1.75259e+05   -7.89303e+05   -9.62469e+05    2.98398e+02
 Pressure (bar)   Constr. rmsd
   -7.41205e+02    3.22603e-05

DD  step 44999  vol min/aver 0.964  load imb.: force  1.5%

           Step           Time
          45000       90.00000

   Energies (kJ/mol)
            U-B    Proper Dih.  Improper Dih.      CMAP Dih.          LJ-14
    8.22305e+03    9.91470e+03    4.86293e+02   -3.08550e+02    3.28867e+03
     Coulomb-14        LJ (SR)   Coulomb (SR)   Coul. recip. Position Rest.
    3.19864e+04    9.34981e+04   -1.11781e+06    3.39605e+03    1.25623e+03
      Potential    Kinetic En.   Total Energy  Conserved En.    Temperature
   -9.66070e+05    1.75516e+05   -7.90554e+05   -9.62528e+05    2.98834e+02
 Pressure (bar)   Constr. rmsd
   -6.85595e+02    3.22509e-05

DD  step 45499  vol min/aver 0.969  load imb.: force  0.8%

           Step           Time
          45500       91.00000

   Energies (kJ/mol)
            U-B    Proper Dih.  Improper Dih.      CMAP Dih.          LJ-14
    8.34878e+03    9.97073e+03    5.56563e+02   -3.01437e+02    3.39086e+03
     Coulomb-14        LJ (SR)   Coulomb (SR)   Coul. recip. Position Rest.
    3.18719e+04    9.46289e+04   -1.11764e+06    3.42050e+03    1.23872e+03
      Potential    Kinetic En.   Total Energy  Conserved En.    Temperature
   -9.64512e+05    1.76279e+05   -7.88233e+05   -9.62565e+05    3.00135e+02
 Pressure (bar)   Constr. rmsd
   -3.34010e+02    3.22122e-05

DD  step 45999  vol min/aver 0.972  load imb.: force  3.2%

           Step           Time
          46000       92.00000

   Energies (kJ/mol)
            U-B    Proper Dih.  Improper Dih.      CMAP Dih.          LJ-14
    8.43316e+03    9.97890e+03    5.16065e+02   -3.19428e+02    3.33695e+03
     Coulomb-14        LJ (SR)   Coulomb (SR)   Coul. recip. Position Rest.
    3.19316e+04    9.23833e+04   -1.11603e+06    3.37992e+03    1.26500e+03
      Potential    Kinetic En.   Total Energy  Conserved En.    Temperature
   -9.65123e+05    1.76464e+05   -7.88658e+05   -9.62588e+05    3.00450e+02
 Pressure (bar)   Constr. rmsd
   -5.46233e+02    2.95794e-05

DD  step 46499  vol min/aver 0.971  load imb.: force  0.5%

           Step           Time
          46500       93.00000

   Energies (kJ/mol)
            U-B    Proper Dih.  Improper Dih.      CMAP Dih.          LJ-14
    8.35223e+03    1.00182e+04    5.76576e+02   -3.00577e+02    3.35537e+03
     Coulomb-14        LJ (SR)   Coulomb (SR)   Coul. recip. Position Rest.
    3.14178e+04    9.28129e+04   -1.11680e+06    3.51571e+03    1.26873e+03
      Potential    Kinetic En.   Total Energy  Conserved En.    Temperature
   -9.65784e+05    1.76000e+05   -7.89784e+05   -9.62618e+05    2.99660e+02
 Pressure (bar)   Constr. rmsd
   -8.12725e+02    3.11238e-05

DD  step 46999  vol min/aver 0.983  load imb.: force  1.0%

           Step           Time
          47000       94.00000

   Energies (kJ/mol)
            U-B    Proper Dih.  Improper Dih.      CMAP Dih.          LJ-14
    8.34658e+03    9.92124e+03    5.39188e+02   -3.29295e+02    3.25852e+03
     Coulomb-14        LJ (SR)   Coulomb (SR)   Coul. recip. Position Rest.
    3.18285e+04    9.33303e+04   -1.11710e+06    3.50065e+03    1.28532e+03
      Potential    Kinetic En.   Total Energy  Conserved En.    Temperature
   -9.65420e+05    1.76244e+05   -7.89176e+05   -9.62685e+05    3.00075e+02
 Pressure (bar)   Constr. rmsd
   -6.89646e+02    3.35646e-05

DD  step 47499  vol min/aver 0.979  load imb.: force  0.8%

           Step           Time
          47500       95.00000

   Energies (kJ/mol)
            U-B    Proper Dih.  Improper Dih.      CMAP Dih.          LJ-14
    8.45335e+03    9.96316e+03    5.04363e+02   -3.03453e+02    3.36103e+03
     Coulomb-14        LJ (SR)   Coulomb (SR)   Coul. recip. Position Rest.
    3.17029e+04    9.23760e+04   -1.11591e+06    3.31794e+03    1.18205e+03
      Potential    Kinetic En.   Total Energy  Conserved En.    Temperature
   -9.65354e+05    1.74988e+05   -7.90366e+05   -9.62710e+05    2.97936e+02
 Pressure (bar)   Constr. rmsd
   -7.88263e+02    3.18518e-05

DD  step 47999  vol min/aver 0.974  load imb.: force  1.0%

           Step           Time
          48000       96.00000

   Energies (kJ/mol)
            U-B    Proper Dih.  Improper Dih.      CMAP Dih.          LJ-14
    8.27041e+03    9.88604e+03    5.11643e+02   -3.37430e+02    3.36203e+03
     Coulomb-14        LJ (SR)   Coulomb (SR)   Coul. recip. Position Rest.
    3.19559e+04    9.26275e+04   -1.11702e+06    3.47337e+03    1.36983e+03
      Potential    Kinetic En.   Total Energy  Conserved En.    Temperature
   -9.65896e+05    1.75966e+05   -7.89930e+05   -9.62749e+05    2.99602e+02
 Pressure (bar)   Constr. rmsd
   -7.27316e+02    3.12646e-05

DD  step 48499  vol min/aver 0.977  load imb.: force  0.6%

           Step           Time
          48500       97.00000

   Energies (kJ/mol)
            U-B    Proper Dih.  Improper Dih.      CMAP Dih.          LJ-14
    8.19317e+03    9.98521e+03    4.79567e+02   -2.93904e+02    3.36154e+03
     Coulomb-14        LJ (SR)   Coulomb (SR)   Coul. recip. Position Rest.
    3.18454e+04    9.31512e+04   -1.11666e+06    3.42772e+03    1.21895e+03
      Potential    Kinetic En.   Total Energy  Conserved En.    Temperature
   -9.65287e+05    1.75957e+05   -7.89330e+05   -9.62804e+05    2.99586e+02
 Pressure (bar)   Constr. rmsd
   -7.95055e+02    3.07710e-05

DD  step 48999  vol min/aver 0.980  load imb.: force  1.3%

           Step           Time
          49000       98.00000

   Energies (kJ/mol)
            U-B    Proper Dih.  Improper Dih.      CMAP Dih.          LJ-14
    8.39744e+03    9.98610e+03    4.93645e+02   -3.33883e+02    3.34317e+03
     Coulomb-14        LJ (SR)   Coulomb (SR)   Coul. recip. Position Rest.
    3.20268e+04    9.12655e+04   -1.11364e+06    3.41160e+03    1.30582e+03
      Potential    Kinetic En.   Total Energy  Conserved En.    Temperature
   -9.63742e+05    1.76576e+05   -7.87166e+05   -9.62832e+05    3.00641e+02
 Pressure (bar)   Constr. rmsd
   -8.38704e+02    3.18890e-05

DD  step 49499  vol min/aver 0.976  load imb.: force  0.8%

           Step           Time
          49500       99.00000

   Energies (kJ/mol)
            U-B    Proper Dih.  Improper Dih.      CMAP Dih.          LJ-14
    8.29742e+03    1.00599e+04    5.84271e+02   -2.38249e+02    3.35136e+03
     Coulomb-14        LJ (SR)   Coulomb (SR)   Coul. recip. Position Rest.
    3.20844e+04    9.27042e+04   -1.11495e+06    3.31070e+03    1.26982e+03
      Potential    Kinetic En.   Total Energy  Conserved En.    Temperature
   -9.63529e+05    1.75966e+05   -7.87563e+05   -9.62869e+05    2.99601e+02
 Pressure (bar)   Constr. rmsd
   -6.16208e+02    3.18540e-05

DD  step 49999  vol min/aver 0.972  load imb.: force  0.8%

           Step           Time
          50000      100.00000

Writing checkpoint, step 50000 at Mon Mar 12 11:39:12 2018


   Energies (kJ/mol)
            U-B    Proper Dih.  Improper Dih.      CMAP Dih.          LJ-14
    8.10544e+03    1.00133e+04    5.57378e+02   -3.21480e+02    3.36359e+03
     Coulomb-14        LJ (SR)   Coulomb (SR)   Coul. recip. Position Rest.
    3.18453e+04    9.33390e+04   -1.11645e+06    3.43333e+03    1.14425e+03
      Potential    Kinetic En.   Total Energy  Conserved En.    Temperature
   -9.64966e+05    1.75840e+05   -7.89126e+05   -9.62905e+05    2.99387e+02
 Pressure (bar)   Constr. rmsd
   -7.96608e+02    3.11985e-05

	<======  ###############  ==>
	<====  A V E R A G E S  ====>
	<==  ###############  ======>

	Statistics over 50001 steps using 501 frames

   Energies (kJ/mol)
            U-B    Proper Dih.  Improper Dih.      CMAP Dih.          LJ-14
    8.31927e+03    1.00003e+04    5.18542e+02   -2.85523e+02    3.36550e+03
     Coulomb-14        LJ (SR)   Coulomb (SR)   Coul. recip. Position Rest.
    3.18342e+04    9.30774e+04   -1.11680e+06    3.42522e+03    1.19055e+03
      Potential    Kinetic En.   Total Energy  Conserved En.    Temperature
   -9.65357e+05    1.76028e+05   -7.89330e+05   -9.60994e+05    2.99706e+02
 Pressure (bar)   Constr. rmsd
   -6.15269e+02    0.00000e+00

   Total Virial (kJ/mol)
    7.20458e+04    1.24351e+02    2.96156e+02
    1.24857e+02    7.20518e+04    3.48036e+01
    2.96145e+02    3.50796e+01    7.19161e+04

   Pressure (bar)
   -6.13896e+02   -4.90104e+00   -1.38303e+01
   -4.92437e+00   -6.19601e+02   -1.61122e+00
   -1.38298e+01   -1.62396e+00   -6.12311e+02

      T-Protein  T-non-Protein
    2.99211e+02    2.99733e+02


	M E G A - F L O P S   A C C O U N T I N G

 NB=Group-cutoff nonbonded kernels    NxN=N-by-N cluster Verlet kernels
 RF=Reaction-Field  VdW=Van der Waals  QSTab=quadratic-spline table
 W3=SPC/TIP3p  W4=TIP4p (single or pairs)
 V&F=Potential and force  V=Potential only  F=Force only

 Computing:                               M-Number         M-Flops  % Flops
-----------------------------------------------------------------------------
 NB VdW [V&F]                           335.356707         335.357     0.0
 Pair Search distance check           76699.730326      690297.573     0.3
 NxN Ewald Elec. + LJ [F]           2659842.274112   207467697.381    94.9
 NxN Ewald Elec. + LJ [V&F]           26920.628176     3472761.035     1.6
 NxN Ewald Elec. [F]                  17418.618176     1062535.709     0.5
 NxN Ewald Elec. [V&F]                  176.241360       14804.274     0.0
 1,4 nonbonded interactions             484.209684       43578.872     0.0
 Calc Weights                         10592.611848      381334.027     0.2
 Spread Q Bspline                    225975.719424      451951.439     0.2
 Gather F Bspline                    225975.719424     1355854.317     0.6
 3D-FFT                              382774.155330     3062193.243     1.4
 Solve PME                              180.003600       11520.230     0.0
 Reset In Box                           141.161384         423.484     0.0
 CG-CoM                                 141.373232         424.120     0.0
 Propers                                471.609432      107998.560     0.0
 Impropers                               30.450609        6333.727     0.0
 Pos. Restr.                             92.551851        4627.593     0.0
 Virial                                  35.468796         638.438     0.0
 Stop-CM                                 35.449232         354.492     0.0
 Calc-Ekin                             1412.461232       38136.453     0.0
 Lincs                                  237.519918       14251.195     0.0
 Lincs-Mat                             5116.633884       20466.536     0.0
 Constraint-V                          3944.688682       31557.509     0.0
 Constraint-Vir                          37.143589         891.446     0.0
 Settle                                1156.575927      373574.024     0.2
 (null)                                  11.450229           0.000     0.0
-----------------------------------------------------------------------------
 Total                                               218614541.032   100.0
-----------------------------------------------------------------------------


    D O M A I N   D E C O M P O S I T I O N   S T A T I S T I C S

 av. #atoms communicated per step for force:  2 x 39003.6
 av. #atoms communicated per step for LINCS:  2 x 3591.7

 Average load imbalance: 2.1 %
 Part of the total run time spent waiting due to load imbalance: 1.6 %
 Steps where the load balancing was limited by -rdd, -rcon and/or -dds: X 0 %


     R E A L   C Y C L E   A N D   T I M E   A C C O U N T I N G

On 4 MPI ranks

 Computing:          Num   Num      Call    Wall time         Giga-Cycles
                     Ranks Threads  Count      (s)         total sum    %
-----------------------------------------------------------------------------
 Domain decomp.         4    1       2001      14.138        197.869   0.5
 DD comm. load          4    1       1297       0.068          0.957   0.0
 DD comm. bounds        4    1       1061       0.102          1.429   0.0
 Neighbor search        4    1       2001      64.120        897.421   2.4
 Comm. coord.           4    1      48000      14.295        200.079   0.5
 Force                  4    1      50001    2177.273      30473.075  81.5
 Wait + Comm. F         4    1      50001       5.427         75.963   0.2
 PME mesh               4    1      50001     337.898       4729.220  12.7
 NB X/F buffer ops.     4    1     146001       7.614        106.564   0.3
 Write traj.            4    1        103       0.843         11.802   0.0
 Update                 4    1      50001      14.657        205.134   0.5
 Constraints            4    1      50001      30.118        421.524   1.1
 Comm. energies         4    1      10001       1.069         14.961   0.0
 Rest                                           2.617         36.631   0.1
-----------------------------------------------------------------------------
 Total                                       2670.240      37372.630 100.0
-----------------------------------------------------------------------------
 Breakdown of PME mesh computation
-----------------------------------------------------------------------------
 PME redist. X/F        4    1     100002     145.247       2032.873   5.4
 PME spread/gather      4    1     100002     133.198       1864.243   5.0
 PME 3D-FFT             4    1     100002      45.214        632.808   1.7
 PME 3D-FFT Comm.       4    1     100002       8.563        119.843   0.3
 PME solve Elec         4    1      50001       5.588         78.210   0.2
-----------------------------------------------------------------------------

               Core t (s)   Wall t (s)        (%)
       Time:    10680.961     2670.240      400.0
                         44:30
                 (ns/day)    (hour/ns)
Performance:        3.236        7.417
Finished mdrun on rank 0 Mon Mar 12 11:39:12 2018
